2020-02-11 16:19:55 : 雇佣兵 - 检测到需要复活雇佣兵
2020-02-11 16:22:43 : 雇佣兵 - 检测到需要复活雇佣兵
2020-02-11 16:23:26 : 雇佣兵---第 2 局: 雇佣兵死亡
2020-02-11 16:25:38 : 雇佣兵 - 检测到需要复活雇佣兵
2020-02-11 16:26:16 : 雇佣兵---第 5 局: 雇佣兵死亡
2020-02-11 16:34:54 : 雇佣兵 - 检测到需要复活雇佣兵
2020-02-11 16:35:34 : 雇佣兵 - 检测到需要复活雇佣兵
2020-02-11 16:36:14 : 雇佣兵---第 3 局: 雇佣兵死亡
2020-02-11 16:38:25 : 雇佣兵 - 检测到需要复活雇佣兵
2020-02-11 16:42:45 : 雇佣兵 - 检测到需要复活雇佣兵
2020-02-11 16:43:22 : 雇佣兵---第 12 局: 雇佣兵死亡
2020-02-11 16:44:00 : 雇佣兵 - 检测到需要复活雇佣兵
2020-02-11 16:44:36 : 雇佣兵---第 13 局: 雇佣兵死亡
2020-02-11 17:08:47 : 随机---第 27 局: 随机暂停:40秒
2020-02-12 11:30:01 : 雇佣兵 - 检测到需要复活雇佣兵
2020-02-12 11:31:13 : 雇佣兵---第 4 局: 雇佣兵死亡
2020-02-12 11:38:04 : 雇佣兵 - 检测到需要复活雇佣兵
2020-02-12 11:38:40 : 雇佣兵---第 2 局: 雇佣兵死亡
2020-02-12 11:43:09 : 药水---第 0 局: 连续多次买红药失败，可能是没钱了，自动退出。
2020-02-12 11:52:26 : 雇佣兵 - 检测到需要复活雇佣兵
2020-02-12 11:53:46 : 雇佣兵---第 10 局: 雇佣兵死亡
2020-02-12 11:55:52 : 雇佣兵 - 检测到需要复活雇佣兵
2020-02-12 12:01:25 : 雇佣兵 - 检测到需要复活雇佣兵
2020-02-14 12:02:11 : 随机---第 30 局: 随机暂停:40秒
2020-02-14 12:03:01 : 随机---第 31 局: 随机暂停:40秒
2020-02-14 12:23:49 : 包裹---第 60 局: 包裹已满
2020-02-14 12:47:53 : 异常---第 8 局出现未知界面假死或是其他异常，尝试关闭重新开启！
2020-02-14 13:05:50 : 雇佣兵---第 8 局: 雇佣兵死亡
2020-02-14 13:06:58 : 雇佣兵---第 8 局: 雇佣兵死亡
2020-02-14 13:08:15 : 雇佣兵---第 8 局: 雇佣兵死亡
2020-02-14 13:10:19 : 雇佣兵---第 8 局: 雇佣兵死亡
2020-02-14 13:26:24 : 随机---第 31 局: 随机暂停:40秒
2020-02-14 19:50:18 : 随机---第 29 局: 随机暂停:40秒
2020-02-15 13:51:33 : 随机---第 27 局: 随机暂停:40秒
2020-02-15 16:18:37 : 随机---第 26 局: 随机暂停:40秒
2020-02-15 16:38:45 : 随机---第 52 局: 随机暂停:40秒
2020-02-15 16:45:33 : 包裹---第 60 局: 包裹已满
2020-02-16 10:43:26 : 随机---第 30 局: 随机暂停:40秒
2020-02-16 13:45:16 : 雇佣兵---第 7 局: 雇佣兵死亡
2020-02-16 15:07:36 : 随机---第 27 局: 随机暂停:40秒
2020-02-16 15:14:53 : 雇佣兵 - 检测到需要复活雇佣兵
2020-02-16 15:15:12 : 角色---第 37 局: 角色死亡
2020-02-16 15:16:24 : 雇佣兵---第 37 局: 雇佣兵死亡
2020-02-16 15:17:33 : 雇佣兵---第 37 局: 雇佣兵死亡
2020-02-16 18:03:57 : 随机---第 29 局: 随机暂停:40秒
2020-02-16 18:25:25 : 随机---第 55 局: 随机暂停:40秒
2020-02-16 18:30:00 : 包裹---第 60 局: 包裹已满
2020-02-16 18:48:30 : 随机---第 85 局: 随机暂停:40秒
2020-02-16 19:13:06 : 随机---第 114 局: 随机暂停:40秒
