2019-01-06 17:36:13 : 雇佣兵 - 检测到需要复活雇佣兵
2019-01-06 17:37:10 : 雇佣兵 - 检测到需要复活雇佣兵
2019-01-06 17:38:06 : 雇佣兵 - 检测到需要复活雇佣兵
2019-01-06 17:39:06 : 雇佣兵 - 检测到需要复活雇佣兵
2019-01-06 17:40:07 : 雇佣兵 - 检测到需要复活雇佣兵
2019-01-06 17:41:16 : 雇佣兵 - 检测到需要复活雇佣兵
2019-01-06 17:42:10 : 雇佣兵 - 检测到需要复活雇佣兵
2019-01-06 17:43:17 : 雇佣兵 - 检测到需要复活雇佣兵
2019-01-06 17:44:14 : 雇佣兵 - 检测到需要复活雇佣兵
2019-07-15 20:18:58 : 雇佣兵---第 0 局: 雇佣兵死亡
2019-07-15 20:23:10 : 角色---第 0 局: 角色死亡
2019-07-15 20:23:31 : 角色---第 0 局: 角色死亡
2019-07-15 20:24:08 : 雇佣兵---第 0 局: 雇佣兵死亡
2020-02-29 13:25:57 : 雇佣兵 - 检测到需要复活雇佣兵
2020-02-29 14:02:54 : 包裹---第 60 局: 包裹已满
2020-02-29 14:56:58 : 包裹---第 120 局: 包裹已满
2020-02-29 20:12:42 : 包裹---第 60 局: 包裹已满
2020-03-01 11:35:37 : 包裹---第 60 局: 包裹已满
2020-03-01 11:37:56 : 其他人进房间---请留意！
2020-03-01 12:02:23 : 雇佣兵 - 检测到需要复活雇佣兵
2020-03-01 12:02:48 : 角色---第 72 局: 角色死亡
2020-03-01 12:03:11 : 角色---第 72 局: 角色死亡
2020-03-01 12:03:56 : 雇佣兵---第 72 局: 雇佣兵死亡
2020-03-01 13:18:21 : 雇佣兵 - 检测到需要复活雇佣兵
2020-03-01 13:19:09 : 雇佣兵---第 58 局: 雇佣兵死亡
2020-03-01 13:21:42 : 包裹---第 60 局: 包裹已满
2020-03-01 13:41:04 : 雇佣兵 - 检测到需要复活雇佣兵
2020-03-01 13:57:46 : 雇佣兵 - 检测到需要复活雇佣兵
2020-03-01 14:14:13 : 包裹---第 120 局: 包裹已满
2020-03-01 14:25:57 : 雇佣兵 - 检测到需要复活雇佣兵
2020-03-01 14:26:19 : 角色---第 133 局: 角色死亡
2020-03-01 14:26:42 : 角色---第 133 局: 角色死亡
2020-03-01 14:27:04 : 角色---第 133 局: 角色死亡
2020-03-01 14:27:27 : 角色---第 133 局: 角色死亡
2020-03-01 14:28:13 : 雇佣兵---第 133 局: 雇佣兵死亡
2020-03-01 15:10:39 : 包裹---第 180 局: 包裹已满
2020-03-01 15:24:46 : 雇佣兵 - 检测到需要复活雇佣兵
2020-03-01 15:25:12 : 角色---第 196 局: 角色死亡
2020-03-01 15:25:34 : 角色---第 196 局: 角色死亡
2020-03-01 15:25:55 : 角色---第 196 局: 角色死亡
2020-03-01 16:05:41 : 雇佣兵 - 检测到需要复活雇佣兵
2020-03-01 16:21:13 : 雇佣兵 - 检测到需要复活雇佣兵
2020-03-01 16:22:07 : 雇佣兵---第 19 局: 雇佣兵死亡
2020-03-01 16:22:55 : 雇佣兵---第 19 局: 雇佣兵死亡
2020-03-01 16:31:38 : 雇佣兵 - 检测到需要复活雇佣兵
2020-03-01 17:16:03 : 包裹---第 60 局: 包裹已满
2020-03-01 17:19:55 : 其他人进房间---请留意！
2020-03-01 17:19:56 : 其他人进房间---请留意！
2020-03-01 17:19:56 : 其他人进房间---请留意！
2020-03-01 17:19:57 : 其他人进房间---请留意！
2020-03-01 17:19:59 : 其他人进房间---请留意！
2020-03-01 17:20:00 : 其他人进房间---请留意！
2020-03-01 17:20:02 : 其他人进房间---请留意！
2020-03-01 17:20:02 : 其他人进房间---请留意！
2020-03-01 17:20:03 : 其他人进房间---请留意！
2020-03-01 17:30:06 : 异常---第 71 局多次以上未找到红门，停止挂机！
2020-03-01 17:40:45 : 雇佣兵 - 检测到需要复活雇佣兵
2020-03-02 09:49:43 : 雇佣兵 - 检测到需要复活雇佣兵
2020-03-02 09:53:49 : 雇佣兵 - 检测到需要复活雇佣兵
2020-03-02 09:54:15 : 角色---第 59 局: 角色死亡
2020-03-02 09:54:42 : 角色---第 59 局: 角色死亡
2020-03-02 09:55:08 : 角色---第 59 局: 角色死亡
2020-03-02 09:55:34 : 角色---第 59 局: 角色死亡
2020-03-02 10:00:36 : 包裹---第 60 局: 包裹已满
2020-03-02 11:17:04 : 包裹---第 120 局: 包裹已满
2020-03-02 11:46:15 : 异常---第 0 局连续多次无法登陆战网或者密码错误，系统暂停一段时间！
2020-03-02 11:59:02 : 雇佣兵 - 检测到需要复活雇佣兵
2020-03-02 12:19:01 : 其他人进房间---请留意！
2020-03-02 12:19:02 : 其他人进房间---请留意！
2020-03-02 12:19:03 : 其他人进房间---请留意！
2020-03-02 12:19:04 : 其他人进房间---请留意！
2020-03-02 12:19:05 : 其他人进房间---请留意！
2020-03-02 12:19:06 : 其他人进房间---请留意！
2020-03-02 12:19:07 : 其他人进房间---请留意！
2020-03-02 12:19:08 : 其他人进房间---请留意！
2020-03-02 12:19:08 : 其他人进房间---请留意！
2020-03-02 12:19:09 : 其他人进房间---请留意！
2020-03-02 12:19:10 : 其他人进房间---请留意！
2020-03-02 12:44:23 : 包裹---第 60 局: 包裹已满
2020-03-02 13:00:59 : 雇佣兵 - 检测到需要复活雇佣兵
2020-03-02 13:01:55 : 雇佣兵---第 77 局: 雇佣兵死亡
2020-03-02 13:42:28 : 包裹---第 120 局: 包裹已满
2020-03-02 16:02:03 : 雇佣兵 - 检测到需要复活雇佣兵
2020-03-02 16:02:59 : 雇佣兵---第 192 局: 雇佣兵死亡
2020-03-02 16:14:59 : 雇佣兵 - 检测到需要复活雇佣兵
2020-03-02 17:00:14 : 包裹---第 240 局: 包裹已满
2020-03-02 17:01:04 : 包裹---第 240 局: 包裹已满
2020-03-02 17:04:02 : 其他人进房间---请留意！
2020-03-02 17:04:03 : 其他人进房间---请留意！
2020-03-02 17:04:03 : 雇佣兵 - 检测到需要复活雇佣兵
2020-03-03 16:54:23 : 雇佣兵 - 检测到需要复活雇佣兵
2020-03-03 16:55:18 : 雇佣兵---第 4 局: 雇佣兵死亡
2020-03-03 18:59:07 : 异常---第 51 局连续多次无法登陆战网或者密码错误，系统暂停一段时间！
2020-03-03 19:02:35 : 异常---第 51 局连续多次无法登陆战网或者密码错误，系统暂停一段时间！
2020-03-03 19:11:37 : 包裹---第 60 局: 包裹已满
2020-03-03 20:07:54 : 包裹---第 120 局: 包裹已满
2020-03-03 20:10:36 : 雇佣兵 - 检测到需要复活雇佣兵
2020-03-03 20:10:36 : 雇佣兵 - 检测到需要复活雇佣兵
2020-03-03 20:11:29 : 雇佣兵---第 123 局: 雇佣兵死亡
2020-03-03 20:12:17 : 雇佣兵---第 123 局: 雇佣兵死亡
2020-03-03 20:13:03 : 雇佣兵---第 123 局: 雇佣兵死亡
2020-03-04 15:02:52 : 其他人进房间---请留意！
2020-03-04 15:02:53 : 雇佣兵 - 检测到需要复活雇佣兵
2020-03-04 15:12:51 : 包裹---第 60 局: 包裹已满
2020-03-04 15:13:10 : 有人m你---请留意！
2020-03-04 16:00:04 : 有人m你---请留意！
2020-03-04 16:06:20 : 包裹---第 120 局: 包裹已满
2020-03-04 16:06:38 : 包裹---第 120 局: 包裹已满
2020-03-04 16:07:12 : 包裹---第 120 局: 包裹已满
2020-03-04 16:07:30 : 包裹---第 120 局: 包裹已满
2020-03-04 16:08:54 : 包裹---第 120 局: 包裹已满
2020-03-05 14:15:42 : 有人m你---请留意！
2020-03-05 14:17:58 : 有人m你---请留意！
2020-03-05 14:19:55 : 包裹---第 60 局: 包裹已满
2020-03-05 14:20:13 : 包裹---第 60 局: 包裹已满
2020-03-05 14:21:04 : 包裹---第 60 局: 包裹已满
2020-03-05 14:26:33 : 角色---第 66 局: 角色死亡
2020-03-05 14:27:18 : 雇佣兵---第 66 局: 雇佣兵死亡
2020-03-05 14:28:03 : 雇佣兵---第 66 局: 雇佣兵死亡
2020-03-05 14:28:49 : 雇佣兵---第 66 局: 雇佣兵死亡
2020-03-05 14:29:34 : 雇佣兵---第 66 局: 雇佣兵死亡
2020-03-05 14:30:20 : 雇佣兵---第 66 局: 雇佣兵死亡
2020-03-05 15:17:26 : 包裹---第 120 局: 包裹已满
2020-03-05 16:13:38 : 包裹---第 180 局: 包裹已满
2020-03-05 17:09:06 : 包裹---第 240 局: 包裹已满
2020-03-05 18:53:35 : 异常---第 0 局连续多次无法登陆战网或者密码错误，系统暂停一段时间！
2020-03-06 09:27:51 : 异常---第 9 局多次以上未找到红门，停止挂机！
2020-03-06 09:40:32 : 异常---第 0 局连续多次无法登陆战网或者密码错误，系统暂停一段时间！
2020-03-06 09:59:57 : 有人m你---请留意！
2020-03-06 11:17:13 : 包裹---第 60 局: 包裹已满
2020-03-06 11:37:34 : 雇佣兵 - 检测到需要复活雇佣兵
2020-03-06 11:38:26 : 雇佣兵---第 83 局: 雇佣兵死亡
2020-03-06 12:30:10 : 雇佣兵 - 检测到需要复活雇佣兵
2020-03-06 12:30:36 : 角色---第 32 局: 角色死亡
2020-03-06 12:31:23 : 雇佣兵---第 32 局: 雇佣兵死亡
2020-03-06 12:56:14 : 包裹---第 60 局: 包裹已满
2020-03-06 13:51:31 : 包裹---第 120 局: 包裹已满
2020-03-06 14:51:49 : 包裹---第 180 局: 包裹已满
2020-03-06 15:23:13 : 雇佣兵 - 检测到需要复活雇佣兵
2020-03-06 15:47:35 : 包裹---第 240 局: 包裹已满
2020-03-06 16:59:44 : 包裹---第 300 局: 包裹已满
2020-03-06 17:36:25 : 雇佣兵 - 检测到需要复活雇佣兵
2020-03-06 17:37:10 : 雇佣兵---第 340 局: 雇佣兵死亡
2020-03-06 17:57:35 : 包裹---第 360 局: 包裹已满
2020-03-06 18:54:42 : 包裹---第 420 局: 包裹已满
2020-03-06 18:55:04 : 包裹---第 420 局: 包裹已满
2020-03-06 18:55:52 : 包裹---第 420 局: 包裹已满
2020-03-06 19:15:52 : 雇佣兵 - 检测到需要复活雇佣兵
2020-03-06 19:16:17 : 角色---第 443 局: 角色死亡
2020-03-06 19:16:39 : 角色---第 443 局: 角色死亡
2020-03-06 19:17:09 : 角色---第 443 局: 角色死亡
2020-03-06 19:17:31 : 角色---第 443 局: 角色死亡
2020-03-06 19:17:52 : 角色---第 443 局: 角色死亡
2020-03-06 19:18:37 : 雇佣兵---第 443 局: 雇佣兵死亡
2020-03-06 19:21:42 : 雇佣兵 - 检测到需要复活雇佣兵
2020-03-06 19:23:03 : 雇佣兵---第 446 局: 雇佣兵死亡
2020-03-06 19:26:43 : 角色---第 450 局: 角色死亡
2020-03-06 19:27:04 : 角色---第 450 局: 角色死亡
2020-03-06 19:27:26 : 角色---第 450 局: 角色死亡
2020-03-06 20:11:45 : 雇佣兵 - 检测到需要复活雇佣兵
2020-03-06 20:23:16 : 雇佣兵 - 检测到需要复活雇佣兵
2020-03-06 20:25:29 : 包裹---第 480 局: 包裹已满
2020-03-06 20:42:33 : 有人m你---请留意！
2020-03-06 20:44:29 : 雇佣兵 - 检测到需要复活雇佣兵
2020-03-07 08:52:28 : 异常---第 0 局连续多次无法登陆战网或者密码错误，系统暂停一段时间！
2020-03-07 09:46:11 : 雇佣兵 - 检测到需要复活雇佣兵
2020-03-07 09:54:36 : 包裹---第 60 局: 包裹已满
2020-03-07 10:35:52 : 雇佣兵 - 检测到需要复活雇佣兵
2020-03-07 10:58:40 : 包裹---第 120 局: 包裹已满
2020-03-07 11:30:30 : 雇佣兵 - 检测到需要复活雇佣兵
2020-03-07 11:55:32 : 包裹---第 180 局: 包裹已满
2020-03-07 12:28:09 : 雇佣兵 - 检测到需要复活雇佣兵
2020-03-07 12:37:12 : 雇佣兵 - 检测到需要复活雇佣兵
2020-03-07 12:37:51 : 角色---第 215 局: 角色死亡
2020-03-07 12:38:12 : 角色---第 215 局: 角色死亡
2020-03-07 12:38:35 : 角色---第 215 局: 角色死亡
2020-03-07 12:38:57 : 角色---第 215 局: 角色死亡
2020-03-07 12:39:40 : 雇佣兵---第 215 局: 雇佣兵死亡
2020-03-07 13:07:16 : 包裹---第 240 局: 包裹已满
2020-03-07 13:43:47 : 雇佣兵 - 检测到需要复活雇佣兵
2020-03-07 14:11:42 : 包裹---第 300 局: 包裹已满
2020-03-07 15:13:10 : 异常---第 358 局连续多次无法登陆战网或者密码错误，系统暂停一段时间！
2020-03-07 15:38:22 : 异常---第 358 局出现未知界面假死或是其他异常，尝试关闭重新开启！
2020-03-07 15:40:18 : 异常---第 358 局出现未知界面假死或是其他异常，尝试关闭重新开启！
2020-03-07 15:42:15 : 异常---第 358 局出现未知界面假死或是其他异常，尝试关闭重新开启！
2020-03-07 15:44:15 : 异常---第 358 局出现未知界面假死或是其他异常，尝试关闭重新开启！
2020-03-07 15:46:12 : 异常---第 358 局出现未知界面假死或是其他异常，尝试关闭重新开启！
2020-03-07 15:48:10 : 异常---第 358 局出现未知界面假死或是其他异常，尝试关闭重新开启！
2020-03-07 15:50:07 : 异常---第 358 局出现未知界面假死或是其他异常，尝试关闭重新开启！
2020-03-07 15:52:04 : 异常---第 358 局出现未知界面假死或是其他异常，尝试关闭重新开启！
2020-03-07 15:54:06 : 异常---第 358 局出现未知界面假死或是其他异常，尝试关闭重新开启！
2020-03-07 15:56:03 : 异常---第 358 局出现未知界面假死或是其他异常，尝试关闭重新开启！
2020-03-07 15:58:01 : 异常---第 358 局出现未知界面假死或是其他异常，尝试关闭重新开启！
2020-03-07 16:03:21 : 包裹---第 360 局: 包裹已满
2020-03-07 16:57:04 : 包裹---第 420 局: 包裹已满
2020-03-07 16:57:34 : 包裹---第 420 局: 包裹已满
2020-03-07 16:58:07 : 包裹---第 420 局: 包裹已满
2020-03-07 16:58:40 : 包裹---第 420 局: 包裹已满
2020-03-07 16:59:14 : 包裹---第 420 局: 包裹已满
2020-03-07 16:59:48 : 包裹---第 420 局: 包裹已满
2020-03-07 17:00:21 : 包裹---第 420 局: 包裹已满
2020-03-07 17:00:54 : 包裹---第 420 局: 包裹已满
2020-03-07 17:01:27 : 包裹---第 420 局: 包裹已满
2020-03-07 17:02:01 : 包裹---第 420 局: 包裹已满
2020-03-07 17:02:33 : 包裹---第 420 局: 包裹已满
2020-03-07 17:03:06 : 包裹---第 420 局: 包裹已满
2020-03-07 17:03:39 : 包裹---第 420 局: 包裹已满
2020-03-07 17:04:12 : 包裹---第 420 局: 包裹已满
2020-03-07 17:04:41 : 包裹---第 420 局: 包裹已满
2020-03-07 17:05:04 : 有人m你---请留意！
2020-03-07 17:05:13 : 包裹---第 420 局: 包裹已满
2020-03-07 17:05:47 : 包裹---第 420 局: 包裹已满
2020-03-07 17:06:19 : 包裹---第 420 局: 包裹已满
2020-03-07 17:06:54 : 包裹---第 420 局: 包裹已满
2020-03-07 17:07:28 : 包裹---第 420 局: 包裹已满
2020-03-07 17:08:10 : 包裹---第 420 局: 包裹已满
2020-03-07 17:08:43 : 包裹---第 420 局: 包裹已满
2020-03-07 17:09:15 : 包裹---第 420 局: 包裹已满
2020-03-07 17:09:47 : 包裹---第 420 局: 包裹已满
2020-03-07 17:10:19 : 包裹---第 420 局: 包裹已满
2020-03-07 17:10:53 : 包裹---第 420 局: 包裹已满
2020-03-07 17:11:26 : 包裹---第 420 局: 包裹已满
2020-03-07 17:11:52 : 包裹---第 420 局: 包裹已满
2020-03-07 17:12:19 : 包裹---第 420 局: 包裹已满
2020-03-07 17:12:52 : 包裹---第 420 局: 包裹已满
2020-03-07 17:13:24 : 包裹---第 420 局: 包裹已满
2020-03-07 17:13:59 : 包裹---第 420 局: 包裹已满
2020-03-07 17:14:33 : 包裹---第 420 局: 包裹已满
2020-03-07 17:15:04 : 包裹---第 420 局: 包裹已满
2020-03-07 17:15:37 : 包裹---第 420 局: 包裹已满
2020-03-07 17:16:09 : 包裹---第 420 局: 包裹已满
2020-03-07 17:16:49 : 包裹---第 420 局: 包裹已满
2020-03-07 17:17:23 : 包裹---第 420 局: 包裹已满
2020-03-07 17:17:58 : 包裹---第 420 局: 包裹已满
2020-03-07 17:18:50 : 包裹---第 420 局: 包裹已满
2020-03-07 17:19:24 : 包裹---第 420 局: 包裹已满
2020-03-07 17:19:57 : 包裹---第 420 局: 包裹已满
2020-03-07 17:20:28 : 包裹---第 420 局: 包裹已满
2020-03-07 17:21:03 : 包裹---第 420 局: 包裹已满
2020-03-07 17:21:35 : 包裹---第 420 局: 包裹已满
2020-03-07 17:22:10 : 包裹---第 420 局: 包裹已满
2020-03-07 17:22:44 : 包裹---第 420 局: 包裹已满
2020-03-07 17:23:14 : 包裹---第 420 局: 包裹已满
2020-03-07 17:23:49 : 包裹---第 420 局: 包裹已满
2020-03-07 17:24:22 : 包裹---第 420 局: 包裹已满
2020-03-07 17:24:55 : 包裹---第 420 局: 包裹已满
2020-03-07 17:25:29 : 包裹---第 420 局: 包裹已满
2020-03-07 17:26:02 : 包裹---第 420 局: 包裹已满
2020-03-07 17:26:35 : 包裹---第 420 局: 包裹已满
2020-03-07 17:27:08 : 包裹---第 420 局: 包裹已满
2020-03-07 17:27:40 : 包裹---第 420 局: 包裹已满
2020-03-07 17:28:12 : 包裹---第 420 局: 包裹已满
2020-03-07 17:28:44 : 包裹---第 420 局: 包裹已满
2020-03-07 17:29:15 : 包裹---第 420 局: 包裹已满
2020-03-07 17:31:46 : 雇佣兵 - 检测到需要复活雇佣兵
2020-03-07 17:32:33 : 雇佣兵---第 1 局: 雇佣兵死亡
2020-03-07 17:33:19 : 雇佣兵---第 1 局: 雇佣兵死亡
2020-03-07 17:34:08 : 雇佣兵 - 检测到需要复活雇佣兵
2020-03-07 17:34:30 : 角色---第 2 局: 角色死亡
2020-03-07 17:34:52 : 角色---第 2 局: 角色死亡
2020-03-07 17:37:19 : 雇佣兵 - 检测到需要复活雇佣兵
2020-03-07 17:37:53 : 角色---第 4 局: 角色死亡
2020-03-07 17:38:19 : 角色---第 4 局: 角色死亡
2020-03-07 17:55:38 : 雇佣兵 - 检测到需要复活雇佣兵
2020-03-07 17:56:09 : 角色---第 20 局: 角色死亡
2020-03-07 17:56:56 : 雇佣兵---第 20 局: 雇佣兵死亡
2020-03-07 17:57:39 : 雇佣兵---第 20 局: 雇佣兵死亡
2020-03-08 11:45:45 : 包裹---第 60 局: 包裹已满
2020-03-08 14:59:22 : 包裹---第 60 局: 包裹已满
2020-03-08 16:12:24 : 包裹---第 120 局: 包裹已满
2020-03-08 16:44:51 : 雇佣兵 - 检测到需要复活雇佣兵
2020-03-08 16:45:13 : 角色---第 152 局: 角色死亡
2020-03-08 16:45:35 : 角色---第 152 局: 角色死亡
2020-03-08 16:45:57 : 角色---第 152 局: 角色死亡
2020-03-08 16:46:18 : 角色---第 152 局: 角色死亡
2020-03-08 16:46:41 : 角色---第 152 局: 角色死亡
2020-03-08 16:47:03 : 角色---第 152 局: 角色死亡
2020-03-08 16:47:03 : 角色---第 152 局: 连续多次次重复复活角色，可能是异常，自动退出。
2020-03-08 16:50:54 : 雇佣兵 - 检测到需要复活雇佣兵
2020-03-08 16:52:36 : 雇佣兵---第 1 局: 雇佣兵死亡
2020-03-08 16:53:39 : 雇佣兵---第 1 局: 雇佣兵死亡
2020-03-08 16:55:02 : 雇佣兵---第 1 局: 雇佣兵死亡
2020-03-08 16:55:47 : 雇佣兵---第 1 局: 雇佣兵死亡
2020-03-08 16:56:31 : 雇佣兵---第 1 局: 雇佣兵死亡
2020-03-08 16:56:47 : 雇佣兵---第 1 局: 连续多次次重复复活pet，可能是没钱了，自动退出。
2020-03-08 16:58:54 : 雇佣兵---第 0 局: 雇佣兵死亡
2020-03-08 16:59:38 : 雇佣兵---第 0 局: 雇佣兵死亡
2020-03-08 17:01:04 : 雇佣兵---第 0 局: 雇佣兵死亡
2020-03-08 17:01:48 : 雇佣兵---第 0 局: 雇佣兵死亡
2020-03-08 17:02:42 : 雇佣兵---第 0 局: 雇佣兵死亡
2020-03-08 17:02:49 : 雇佣兵---第 0 局: 连续多次次重复复活pet，可能是没钱了，自动退出。
2020-03-08 18:10:10 : 异常---第 31 局连续多次无法登陆战网或者密码错误，系统暂停一段时间！
2020-03-08 18:38:42 : 雇佣兵 - 检测到需要复活雇佣兵
2020-03-08 18:40:43 : 包裹---第 60 局: 包裹已满
2020-03-08 18:51:17 : 异常---第 71 局连续多次无法登陆战网或者密码错误，系统暂停一段时间！
2020-03-08 20:44:19 : 异常---第 0 局连续多次无法登陆战网或者密码错误，系统暂停一段时间！
2020-03-08 20:57:48 : 其他人进房间---请留意！
2020-03-08 20:57:50 : 雇佣兵 - 检测到需要复活雇佣兵
2020-03-08 21:47:56 : 异常---第 0 局连续多次无法登陆战网或者密码错误，系统暂停一段时间！
2020-03-21 20:13:42 : 包裹---第 60 局: 包裹已满
2020-03-21 20:26:00 : 雇佣兵 - 检测到需要复活雇佣兵
2020-03-21 20:26:57 : 雇佣兵---第 75 局: 雇佣兵死亡
2020-03-21 20:27:43 : 雇佣兵---第 75 局: 雇佣兵死亡
2020-03-21 20:28:29 : 雇佣兵---第 75 局: 雇佣兵死亡
2020-03-21 20:29:15 : 雇佣兵---第 75 局: 雇佣兵死亡
2020-03-21 20:30:01 : 雇佣兵---第 75 局: 雇佣兵死亡
2020-03-21 20:30:12 : 雇佣兵---第 75 局: 连续多次次重复复活pet，可能是没钱了，自动退出。
2020-03-22 13:59:52 : 包裹---第 60 局: 包裹已满
2020-03-22 14:00:56 : 包裹---第 60 局: 包裹已满
2020-03-22 15:09:16 : 包裹---第 60 局: 包裹已满
2020-03-22 15:37:15 : 其他人进房间---请留意！
2020-03-22 15:37:16 : 其他人进房间---请留意！
2020-03-22 15:37:17 : 其他人进房间---请留意！
2020-03-22 15:37:18 : 其他人进房间---请留意！
2020-03-22 15:37:19 : 其他人进房间---请留意！
2020-03-22 15:37:20 : 其他人进房间---请留意！
2020-03-22 15:37:21 : 其他人进房间---请留意！
2020-03-22 15:37:22 : 其他人进房间---请留意！
2020-03-22 15:37:23 : 其他人进房间---请留意！
2020-03-22 15:37:24 : 其他人进房间---请留意！
2020-03-22 16:04:14 : 包裹---第 120 局: 包裹已满
2020-03-22 17:01:27 : 包裹---第 180 局: 包裹已满
2020-03-22 17:52:36 : 包裹---第 240 局: 包裹已满
2020-03-22 18:15:51 : 雇佣兵 - 检测到需要复活雇佣兵
2020-03-22 18:20:32 : 雇佣兵 - 检测到需要复活雇佣兵
2020-03-22 18:21:26 : 雇佣兵---第 274 局: 雇佣兵死亡
2020-03-22 18:22:14 : 雇佣兵---第 274 局: 雇佣兵死亡
2020-03-22 18:47:22 : 包裹---第 302 局: 包裹已满
2020-03-22 19:38:17 : 包裹---第 362 局: 包裹已满
2020-03-22 21:16:38 : 异常---第 49 局连续多次无法登陆战网或者密码错误，系统暂停一段时间！
2020-03-27 19:53:51 : 包裹---第 60 局: 包裹已满
2020-03-27 21:28:06 : 雇佣兵 - 检测到需要复活雇佣兵
2020-03-27 21:28:40 : 雇佣兵---第 16 局: 雇佣兵死亡
2020-03-27 21:29:09 : 角色---第 16 局: 角色死亡
2020-03-27 21:29:31 : 角色---第 16 局: 角色死亡
2020-03-27 21:29:53 : 角色---第 16 局: 角色死亡
2020-03-27 21:30:16 : 角色---第 16 局: 角色死亡
2020-03-27 21:31:02 : 雇佣兵---第 16 局: 雇佣兵死亡
2020-03-27 21:33:13 : 雇佣兵 - 检测到需要复活雇佣兵
2020-03-27 21:34:08 : 雇佣兵---第 19 局: 雇佣兵死亡
2020-03-27 21:35:11 : 雇佣兵---第 19 局: 雇佣兵死亡
2020-03-27 21:35:58 : 雇佣兵---第 19 局: 雇佣兵死亡
2020-03-27 21:36:46 : 雇佣兵---第 19 局: 雇佣兵死亡
2020-03-28 08:57:08 : 包裹---第 60 局: 包裹已满
2020-03-28 09:06:48 : 雇佣兵 - 检测到需要复活雇佣兵
2020-03-28 09:50:18 : 包裹---第 120 局: 包裹已满
2020-03-28 10:50:15 : 包裹---第 180 局: 包裹已满
2020-03-28 11:41:29 : 包裹---第 240 局: 包裹已满
2020-03-28 12:24:08 : 有人m你---请留意！
2020-03-28 12:55:39 : 包裹---第 300 局: 包裹已满
2020-03-28 13:51:29 : 包裹---第 360 局: 包裹已满
2020-03-28 14:52:39 : 包裹---第 420 局: 包裹已满
2020-03-28 15:45:54 : 包裹---第 480 局: 包裹已满
2020-03-28 16:36:06 : 包裹---第 540 局: 包裹已满
2020-03-28 17:18:55 : 雇佣兵 - 检测到需要复活雇佣兵
2020-03-28 18:27:08 : 包裹---第 60 局: 包裹已满
2020-03-28 20:10:10 : 雇佣兵 - 检测到需要复活雇佣兵
2020-03-28 20:53:24 : 雇佣兵 - 检测到需要复活雇佣兵
2020-03-28 20:54:11 : 雇佣兵---第 56 局: 雇佣兵死亡
2020-03-28 20:54:58 : 雇佣兵---第 56 局: 雇佣兵死亡
2020-03-28 20:59:02 : 包裹---第 60 局: 包裹已满
2020-03-28 22:06:51 : 异常---第 0 局连续多次无法登陆战网或者密码错误，系统暂停一段时间！
2020-03-29 11:53:20 : 包裹---第 60 局: 包裹已满
2020-03-29 12:42:40 : 包裹---第 120 局: 包裹已满
2020-03-29 13:01:56 : 雇佣兵 - 检测到需要复活雇佣兵
2020-03-29 13:02:43 : 雇佣兵---第 135 局: 雇佣兵死亡
2020-03-29 18:27:49 : 包裹---第 60 局: 包裹已满
