2011-09-08 21:39:21 : 异常---第 1 局连续5次无法登陆战网或者密码错误，系统暂停二十分钟！
2011-09-10 19:18:28 : 随机---第 35 局: 关闭游戏帐号下线:20分
2011-09-11 12:45:01 : 随机---第 33 局: 关闭游戏帐号下线:20分
2011-09-11 14:22:58 : 随机---第 65 局: 关闭游戏帐号下线:20分
2011-09-11 15:05:05 : 包裹---包裹已满
2011-09-11 18:01:45 : 随机---第 33 局: 关闭游戏帐号下线:20分
2011-09-12 10:30:17 : 异常---第 26 局连续5次无法登陆战网或者密码错误，系统暂停二十分钟！
2011-09-12 10:50:31 : 异常---第 26 局连续5次无法登陆战网或者密码错误，系统暂停二十分钟！
2011-09-12 11:21:38 : 随机---第 33 局: 关闭游戏帐号下线:20分
2011-09-12 12:45:42 : 随机---第 34 局: 关闭游戏帐号下线:20分
2011-09-12 15:25:17 : 随机---第 32 局: 关闭游戏帐号下线:20分
2011-09-12 18:35:55 : 随机---第 32 局: 关闭游戏帐号下线:20分
2011-09-14 19:55:45 : 异常---第 3 局连续5次无法登陆战网或者密码错误，系统暂停二十分钟！
2011-09-15 20:46:30 : 随机---第 31 局: 关闭游戏帐号下线:20分
2011-09-15 22:29:12 : 其他人进房间---在第9局进入房间，连续10次之内2次进入，停止挂机！
2011-09-17 20:15:34 : 角色---角色死亡
2011-09-17 21:23:58 : 角色---角色死亡
2011-09-17 21:24:14 : 角色---角色死亡
2011-09-17 21:28:03 : 随机---第 32 局: 关闭游戏帐号下线:20分
2011-09-22 21:50:51 : 随机---第 32 局: 关闭游戏帐号下线:20分
2011-09-24 12:34:46 : 随机---第 34 局: 关闭游戏帐号下线:20分
2011-09-24 17:58:24 : 随机---第 31 局: 关闭游戏帐号下线:20分
2011-09-25 11:07:04 : 随机---第 31 局: 关闭游戏帐号下线:20分
2011-09-25 12:40:25 : 随机---第 63 局: 关闭游戏帐号下线:20分
2011-09-25 16:20:03 : 随机---第 31 局: 关闭游戏帐号下线:20分
2011-09-25 17:31:37 : 角色---角色死亡
2011-09-25 18:01:13 : 随机---第 34 局: 关闭游戏帐号下线:20分
2011-10-01 11:52:21 : 随机---第 31 局: 关闭游戏帐号下线:20分
2011-10-01 15:22:09 : 异常---第 0 局连续5次无法登陆战网或者密码错误，系统暂停二十分钟！
2011-10-01 18:51:36 : 随机---第 33 局: 关闭游戏帐号下线:20分
2011-10-02 19:12:28 : 随机---第 33 局: 关闭游戏帐号下线:20分
2011-10-03 10:06:10 : 其他人进房间---在第25局进入房间
2011-10-03 10:26:15 : 随机---第 32 局: 关闭游戏帐号下线:20分
2011-10-03 14:22:31 : 随机---第 34 局: 关闭游戏帐号下线:20分
2011-10-03 15:54:06 : 包裹---包裹已满
2011-10-03 16:06:59 : 随机---第 66 局: 关闭游戏帐号下线:20分
2011-10-03 19:07:17 : 随机---第 33 局: 关闭游戏帐号下线:20分
2011-10-05 18:52:26 : 随机---第 31 局: 关闭游戏帐号下线:20分
2011-10-05 20:19:52 : 包裹---包裹已满
2011-10-05 20:37:17 : 随机---第 63 局: 关闭游戏帐号下线:20分
2011-10-05 22:16:44 : 随机---第 95 局: 关闭游戏帐号下线:20分
2011-10-06 15:33:35 : 其他人进房间---在第23局进入房间
2011-10-06 18:32:26 : 随机---第 32 局: 关闭游戏帐号下线:20分
2011-10-06 21:00:52 : 随机---第 32 局: 关闭游戏帐号下线:20分
2011-10-07 11:30:57 : 随机---第 32 局: 关闭游戏帐号下线:20分
2011-10-07 16:19:47 : 随机---第 31 局: 关闭游戏帐号下线:20分
2011-10-07 18:26:26 : 随机---第 34 局: 关闭游戏帐号下线:20分
2011-10-07 20:00:23 : 随机---第 31 局: 关闭游戏帐号下线:20分
2011-10-07 20:24:32 : 包裹---包裹已满
2011-10-13 20:05:09 : 异常---第 0 局连续5次无法登陆战网或者密码错误，系统暂停二十分钟！
2011-10-15 11:04:44 : 异常---第 22 局连续5次无法登陆战网或者密码错误，系统暂停二十分钟！
2011-10-15 15:28:55 : 随机---第 32 局: 关闭游戏帐号下线:20分
2011-10-15 16:11:18 : 包裹---包裹已满
2011-10-16 12:41:10 : 随机---第 31 局: 关闭游戏帐号下线:20分
2011-10-16 13:13:12 : 包裹---包裹已满
2011-10-20 21:01:00 : 异常---第 0 局连续5次无法登陆战网或者密码错误，系统暂停二十分钟！
2011-10-22 11:04:57 : 随机---第 31 局: 关闭游戏帐号下线:20分
2011-10-22 16:32:06 : 随机---第 32 局: 关闭游戏帐号下线:20分
2011-10-22 17:51:20 : 随机---第 63 局: 关闭游戏帐号下线:20分
2011-10-22 19:05:25 : 随机---第 95 局: 关闭游戏帐号下线:20分
2011-10-29 11:54:17 : 随机---第 31 局: 关闭游戏帐号下线:20分
2011-12-21 15:01:23 : 达到循环限制次数
2011-12-21 16:51:55 : 随机---第 1 局: 随机暂停:100秒
2011-12-31 20:19:02 : 随机---第 19 局: 随机暂停:100秒
2011-12-31 23:21:31 : 随机---第 19 局: 随机暂停:100秒
2012-01-01 00:05:10 : 随机---第 18 局: 随机暂停:100秒
2012-01-01 00:54:06 : 随机---第 19 局: 随机暂停:100秒
2012-01-08 17:31:49 : 随机---第 17 局: 随机暂停:100秒
2012-01-08 18:09:51 : 随机---第 32 局: 关闭游戏帐号下线:21分
2012-01-08 18:43:09 : 随机---第 37 局: 随机暂停:100秒
2012-01-08 18:52:43 : 包裹---包裹已满
2012-01-21 18:29:02 : 随机---第 19 局: 随机暂停:100秒
2012-01-22 14:40:31 : 随机---第 17 局: 随机暂停:100秒
2012-01-22 14:47:10 : 包裹---包裹已满
2012-01-22 15:15:57 : 随机---第 33 局: 关闭游戏帐号下线:21分
2012-01-22 16:15:18 : 随机---第 17 局: 随机暂停:100秒
2012-01-22 16:37:11 : 包裹---包裹已满
2012-01-22 16:55:17 : 随机---第 33 局: 关闭游戏帐号下线:21分
2012-01-22 17:34:08 : 随机---第 35 局: 随机暂停:100秒
2012-01-22 18:29:39 : 其他人进房间---在第50局进入房间
2012-01-22 18:42:01 : 随机---第 54 局: 随机暂停:100秒
2012-01-22 19:09:40 : 随机---第 66 局: 关闭游戏帐号下线:21分
2012-01-28 21:14:33 : 随机---第 18 局: 随机暂停:100秒
2012-01-29 21:28:26 : 随机---第 18 局: 随机暂停:100秒
2012-01-29 23:11:46 : 随机---第 19 局: 随机暂停:100秒
2012-01-30 13:24:01 : 随机---第 16 局: 随机暂停:100秒
2012-01-30 13:53:35 : 随机---第 32 局: 关闭游戏帐号下线:21分
2012-01-30 14:12:53 : 随机---第 34 局: 随机暂停:100秒
2012-01-30 14:32:12 : 包裹---包裹已满
2012-01-30 14:54:14 : 随机---第 55 局: 随机暂停:100秒
2012-01-30 15:13:11 : 包裹---包裹已满
2012-01-30 15:13:12 : 随机---第 64 局: 关闭游戏帐号下线:21分
2012-01-30 16:51:58 : 随机---第 74 局: 随机暂停:100秒
2012-01-30 18:19:31 : 包裹---包裹已满
2012-01-30 21:41:16 : 随机---第 21 局: 随机暂停:100秒
2012-01-30 22:03:24 : 随机---第 32 局: 关闭游戏帐号下线:21分
2012-01-30 23:06:04 : 随机---第 38 局: 随机暂停:100秒
2012-02-12 14:04:04 : 异常---第 0 局连续5次无法登陆战网或者密码错误，系统暂停二十分钟！
2012-02-12 14:05:26 : 异常---第 0 局连续5次无法登陆战网或者密码错误，系统暂停二十分钟！
2012-02-12 14:06:52 : 异常---第 0 局连续5次无法登陆战网或者密码错误，系统暂停二十分钟！
2012-02-12 14:27:09 : 异常---第 0 局连续5次无法登陆战网或者密码错误，系统暂停二十分钟！
2012-02-12 14:47:25 : 异常---第 0 局连续5次无法登陆战网或者密码错误，系统暂停二十分钟！
2012-02-12 15:09:17 : 异常---第 0 局连续5次无法登陆战网或者密码错误，系统暂停二十分钟！
2012-02-12 15:29:31 : 异常---第 0 局连续5次无法登陆战网或者密码错误，系统暂停二十分钟！
2012-02-12 15:49:45 : 异常---第 0 局连续5次无法登陆战网或者密码错误，系统暂停二十分钟！
2012-02-12 16:11:29 : 异常---第 0 局连续5次无法登陆战网或者密码错误，系统暂停二十分钟！
2012-02-12 16:31:43 : 异常---第 0 局连续5次无法登陆战网或者密码错误，系统暂停二十分钟！
2012-02-12 17:49:16 : 雇佣兵---雇佣兵死亡
2012-02-12 18:22:51 : 异常---第 15 局连续5次无法登陆战网或者密码错误，系统暂停二十分钟！
2012-02-12 18:43:05 : 异常---第 15 局连续5次无法登陆战网或者密码错误，系统暂停二十分钟！
2012-02-12 19:03:19 : 异常---第 15 局连续5次无法登陆战网或者密码错误，系统暂停二十分钟！
2012-02-12 19:25:06 : 异常---第 15 局连续5次无法登陆战网或者密码错误，系统暂停二十分钟！
2012-02-12 19:43:07 : 异常---第 15 局连续5次无法登陆战网或者密码错误，系统暂停二十分钟！
2012-02-17 22:34:42 : 随机---第 20 局: 随机暂停:100秒
2012-02-18 19:15:12 : 随机---第 19 局: 随机暂停:100秒
2012-02-18 19:37:37 : 随机---第 31 局: 关闭游戏帐号下线:21分
2012-02-19 11:27:35 : 随机---第 18 局: 随机暂停:100秒
2012-02-19 11:55:26 : 随机---第 33 局: 关闭游戏帐号下线:21分
2012-02-25 09:44:18 : 随机---第 21 局: 随机暂停:100秒
2012-02-25 11:55:31 : 随机---第 18 局: 随机暂停:100秒
2012-02-25 13:08:55 : 包裹---包裹已满
2012-02-25 13:18:55 : 随机---第 19 局: 随机暂停:100秒
2012-02-25 13:23:45 : 包裹---包裹已满
2012-02-25 13:49:45 : 随机---第 33 局: 关闭游戏帐号下线:21分
2012-02-25 14:17:09 : 随机---第 35 局: 随机暂停:100秒
2012-02-25 18:40:07 : 随机---第 18 局: 随机暂停:100秒
2012-02-25 19:21:23 : 随机---第 31 局: 关闭游戏帐号下线:21分
2012-02-25 19:52:56 : 随机---第 36 局: 随机暂停:100秒
2012-02-25 20:30:03 : 随机---第 54 局: 随机暂停:100秒
2012-02-25 20:48:27 : 随机---第 63 局: 关闭游戏帐号下线:21分
2012-02-25 21:31:50 : 随机---第 73 局: 随机暂停:100秒
2012-02-26 09:59:42 : 随机---第 21 局: 随机暂停:100秒
2012-02-26 10:23:24 : 随机---第 34 局: 关闭游戏帐号下线:21分
2012-02-26 10:50:06 : 随机---第 37 局: 随机暂停:100秒
2012-02-26 11:29:19 : 随机---第 55 局: 随机暂停:100秒
2012-02-26 11:48:46 : 随机---第 66 局: 关闭游戏帐号下线:21分
2012-02-26 15:16:15 : 随机---第 19 局: 随机暂停:100秒
2012-02-26 15:57:58 : 随机---第 22 局: 随机暂停:100秒
2012-02-26 16:13:38 : 包裹---包裹已满
2012-02-26 16:19:30 : 随机---第 33 局: 关闭游戏帐号下线:21分
2012-02-26 16:39:51 : 随机---第 38 局: 随机暂停:100秒
2012-02-26 17:48:57 : 随机---第 19 局: 随机暂停:100秒
2012-03-02 20:00:34 : 随机---第 16 局: 随机暂停:100秒
2012-03-02 21:00:29 : 随机---第 34 局: 关闭游戏帐号下线:21分
2012-03-02 21:03:09 : 随机---第 35 局: 随机暂停:100秒
2012-03-02 22:03:40 : 随机---第 55 局: 随机暂停:100秒
2012-03-02 22:06:38 : 随机---第 56 局: 随机暂停:100秒
2012-03-02 22:08:58 : 随机---第 56 局: 随机暂停:100秒
2012-03-02 22:32:39 : 随机---第 66 局: 关闭游戏帐号下线:21分
2012-03-02 22:50:38 : 随机---第 74 局: 随机暂停:100秒
2012-03-02 23:30:09 : 随机---第 94 局: 随机暂停:100秒
2012-03-02 23:43:05 : 随机---第 99 局: 关闭游戏帐号下线:21分
2012-03-03 08:37:38 : 随机---第 16 局: 随机暂停:100秒
2012-03-03 09:09:33 : 随机---第 32 局: 关闭游戏帐号下线:21分
2012-03-03 19:41:25 : 随机---第 18 局: 随机暂停:100秒
2012-03-03 20:10:17 : 随机---第 32 局: 关闭游戏帐号下线:21分
2012-03-03 20:40:59 : 随机---第 37 局: 随机暂停:100秒
2012-03-03 21:02:07 : 包裹---包裹已满
2012-03-03 21:14:05 : 包裹---包裹已满
2012-03-03 22:13:32 : 随机---第 55 局: 随机暂停:100秒
2012-03-03 23:12:51 : 随机---第 64 局: 关闭游戏帐号下线:21分
2012-03-04 11:30:37 : 随机---第 19 局: 随机暂停:100秒
2012-03-04 12:00:57 : 随机---第 33 局: 关闭游戏帐号下线:21分
2012-03-04 12:27:40 : 随机---第 36 局: 随机暂停:100秒
2012-03-04 12:38:56 : 包裹---包裹已满
2012-03-04 13:07:27 : 包裹---包裹已满
2012-03-04 13:23:12 : 随机---第 57 局: 随机暂停:100秒
2012-03-04 13:42:14 : 随机---第 65 局: 关闭游戏帐号下线:21分
2012-03-04 14:30:46 : 随机---第 76 局: 随机暂停:100秒
2012-03-04 15:09:09 : 随机---第 93 局: 随机暂停:100秒
2012-03-04 15:19:28 : 随机---第 96 局: 关闭游戏帐号下线:21分
2012-03-04 18:52:15 : 随机---第 19 局: 随机暂停:100秒
2012-03-04 20:55:24 : 随机---第 20 局: 随机暂停:100秒
2012-03-04 21:14:49 : 包裹---包裹已满
2012-03-04 21:23:07 : 随机---第 32 局: 关闭游戏帐号下线:21分
2012-03-05 21:04:11 : 随机---第 18 局: 随机暂停:100秒
2012-03-05 22:33:31 : 随机---第 17 局: 随机暂停:100秒
2012-03-06 20:43:48 : 随机---第 20 局: 随机暂停:100秒
2012-03-06 21:17:16 : 随机---第 32 局: 关闭游戏帐号下线:21分
2012-03-06 21:29:16 : 随机---第 37 局: 随机暂停:100秒
2012-03-07 20:04:15 : 随机---第 17 局: 随机暂停:100秒
2012-03-07 20:06:39 : 随机---第 17 局: 随机暂停:100秒
2012-03-08 10:25:48 : 随机---第 22 局: 随机暂停:100秒
2012-03-08 10:42:43 : 包裹---包裹已满
2012-03-08 10:49:44 : 随机---第 34 局: 关闭游戏帐号下线:21分
2012-03-08 11:21:23 : 随机---第 38 局: 随机暂停:100秒
2012-03-08 15:33:13 : 随机---第 18 局: 随机暂停:100秒
2012-03-08 16:04:23 : 随机---第 34 局: 关闭游戏帐号下线:21分
2012-03-08 16:30:56 : 随机---第 37 局: 随机暂停:100秒
2012-03-08 17:00:42 : 随机---第 53 局: 随机暂停:100秒
2012-03-08 17:23:20 : 包裹---包裹已满
2012-03-08 17:31:09 : 随机---第 67 局: 关闭游戏帐号下线:21分
2012-03-08 18:16:42 : 随机---第 70 局: 随机暂停:100秒
2012-03-08 18:54:36 : 随机---第 89 局: 随机暂停:100秒
2012-03-08 22:46:02 : 随机---第 20 局: 随机暂停:100秒
2012-03-09 22:12:32 : 随机---第 16 局: 随机暂停:100秒
2012-03-09 23:05:04 : 随机---第 32 局: 关闭游戏帐号下线:21分
2012-03-09 23:07:34 : 随机---第 33 局: 随机暂停:100秒
2012-03-10 10:11:33 : 随机---第 20 局: 随机暂停:100秒
2012-03-10 10:31:24 : 随机---第 31 局: 关闭游戏帐号下线:21分
2012-03-10 11:56:59 : 随机---第 19 局: 随机暂停:100秒
2012-03-10 12:31:04 : 随机---第 36 局: 关闭游戏帐号下线:21分
2012-03-10 12:38:53 : 随机---第 36 局: 随机暂停:100秒
2012-03-10 13:56:28 : 随机---第 22 局: 随机暂停:100秒
2012-03-10 14:25:32 : 随机---第 32 局: 关闭游戏帐号下线:21分
2012-03-10 15:02:00 : 随机---第 16 局: 随机暂停:100秒
2012-03-10 15:31:19 : 随机---第 31 局: 关闭游戏帐号下线:21分
2012-03-10 15:58:37 : 随机---第 34 局: 随机暂停:100秒
2012-03-10 16:11:49 : 包裹---包裹已满
2012-03-10 16:18:58 : 其他人进房间---在第44局进入房间
2012-03-10 16:45:08 : 随机---第 55 局: 随机暂停:100秒
2012-03-10 17:45:28 : 随机---第 19 局: 随机暂停:100秒
2012-03-10 17:48:25 : 包裹---包裹已满
2012-03-10 18:48:45 : 随机---第 17 局: 随机暂停:100秒
2012-03-10 19:19:09 : 随机---第 31 局: 关闭游戏帐号下线:21分
2012-03-10 19:23:37 : 随机---第 33 局: 随机暂停:100秒
2012-03-10 19:27:35 : 随机---第 34 局: 随机暂停:100秒
2012-03-10 21:58:33 : 随机---第 16 局: 随机暂停:100秒
2012-03-11 11:21:59 : 随机---第 18 局: 随机暂停:100秒
2012-03-11 11:51:14 : 随机---第 33 局: 关闭游戏帐号下线:21分
2012-03-11 11:57:29 : 随机---第 34 局: 随机暂停:100秒
2012-03-11 12:02:27 : 包裹---包裹已满
2012-03-11 13:52:10 : 随机---第 20 局: 随机暂停:100秒
2012-03-11 16:50:49 : 随机---第 18 局: 随机暂停:100秒
2012-03-11 17:27:36 : 随机---第 17 局: 随机暂停:100秒
2012-03-11 18:04:23 : 随机---第 34 局: 关闭游戏帐号下线:21分
2012-03-11 18:34:03 : 随机---第 39 局: 随机暂停:100秒
2012-03-11 20:10:25 : 随机---第 56 局: 随机暂停:100秒
2012-03-11 21:32:23 : 随机---第 16 局: 随机暂停:100秒
2012-03-12 22:39:35 : 随机---第 16 局: 随机暂停:100秒
2012-03-12 23:10:23 : 随机---第 32 局: 关闭游戏帐号下线:21分
2012-03-17 08:34:16 : 随机---第 22 局: 随机暂停:100秒
2012-03-18 09:05:05 : 随机---第 17 局: 随机暂停:100秒
2012-03-18 09:33:58 : 随机---第 32 局: 关闭游戏帐号下线:21分
2012-03-21 22:17:22 : 其他人进房间---在第4局进入房间，连续10次之内2次进入，停止挂机！
2012-03-24 13:05:00 : 随机---第 17 局: 随机暂停:100秒
2012-03-24 13:50:28 : 随机---第 33 局: 关闭游戏帐号下线:21分
2012-03-24 14:17:22 : 随机---第 36 局: 随机暂停:100秒
2012-03-24 15:14:29 : 随机---第 18 局: 随机暂停:100秒
2012-03-24 15:48:34 : 随机---第 33 局: 关闭游戏帐号下线:21分
2012-03-24 16:14:41 : 随机---第 35 局: 随机暂停:100秒
2012-03-24 16:58:16 : 随机---第 53 局: 随机暂停:100秒
2012-03-24 18:28:45 : 随机---第 21 局: 随机暂停:100秒
2012-03-24 23:52:18 : 随机---第 17 局: 随机暂停:100秒
2012-03-25 00:33:52 : 随机---第 33 局: 关闭游戏帐号下线:21分
2012-03-25 00:38:08 : 随机---第 35 局: 随机暂停:100秒
2012-03-25 01:23:07 : 随机---第 51 局: 随机暂停:100秒
2012-03-25 09:38:00 : 随机---第 17 局: 随机暂停:100秒
2012-03-25 10:47:15 : 随机---第 17 局: 随机暂停:100秒
2012-03-25 11:23:38 : 随机---第 34 局: 关闭游戏帐号下线:21分
2012-03-25 11:38:47 : 随机---第 34 局: 随机暂停:100秒
2012-03-25 12:47:12 : 随机---第 20 局: 随机暂停:100秒
2012-03-25 13:11:28 : 包裹---包裹已满
2012-03-25 13:14:48 : 随机---第 33 局: 关闭游戏帐号下线:21分
2012-03-25 13:49:16 : 随机---第 39 局: 随机暂停:100秒
2012-03-25 16:31:30 : 随机---第 18 局: 随机暂停:100秒
2012-03-25 17:02:36 : 随机---第 33 局: 关闭游戏帐号下线:21分
2012-03-25 17:53:57 : 随机---第 18 局: 随机暂停:100秒
2012-03-25 18:51:23 : 随机---第 19 局: 随机暂停:100秒
2012-03-25 19:16:17 : 随机---第 31 局: 关闭游戏帐号下线:21分
2012-03-25 19:49:13 : 随机---第 37 局: 随机暂停:100秒
2012-03-25 20:10:30 : 包裹---包裹已满
2012-03-25 20:30:44 : 随机---第 55 局: 随机暂停:100秒
2012-03-25 20:45:29 : 随机---第 62 局: 关闭游戏帐号下线:21分
2012-03-25 21:33:10 : 随机---第 72 局: 随机暂停:100秒
2012-03-27 21:44:28 : 随机---第 16 局: 随机暂停:100秒
2012-04-01 20:00:39 : 包裹---包裹已满
2012-04-01 20:04:52 : 随机---第 20 局: 随机暂停:100秒
2012-04-01 21:25:38 : 随机---第 19 局: 随机暂停:100秒
2012-04-01 21:56:33 : 随机---第 32 局: 关闭游戏帐号下线:21分
2012-04-01 22:47:49 : 随机---第 39 局: 随机暂停:100秒
2012-04-02 08:28:20 : 随机---第 16 局: 随机暂停:100秒
2012-04-02 08:57:51 : 包裹---包裹已满
2012-04-02 08:59:55 : 随机---第 31 局: 关闭游戏帐号下线:21分
2012-04-02 16:26:35 : 随机---第 20 局: 随机暂停:100秒
2012-04-02 17:32:15 : 随机---第 19 局: 随机暂停:100秒
2012-04-02 17:39:45 : 包裹---包裹已满
2012-04-02 17:42:48 : 异常---第 22 局连续5次无法登陆战网或者密码错误，系统暂停二十分钟！
2012-04-03 09:12:11 : 随机---第 18 局: 随机暂停:100秒
2012-04-06 19:34:04 : 雇佣兵---雇佣兵死亡
2012-04-06 19:35:02 : 雇佣兵---雇佣兵死亡
2012-04-06 19:35:59 : 雇佣兵---雇佣兵死亡
2012-04-06 19:36:57 : 雇佣兵---雇佣兵死亡
2012-04-06 19:37:54 : 雇佣兵---雇佣兵死亡
2012-04-06 19:38:21 : 其他人进房间---在第2局进入房间，连续10次之内2次进入，停止挂机！
2012-04-11 20:58:41 : 雇佣兵---雇佣兵死亡
2012-04-12 21:15:26 : 雇佣兵---雇佣兵死亡
2012-04-18 20:22:16 : 雇佣兵---雇佣兵死亡
2012-04-18 20:23:33 : 雇佣兵---雇佣兵死亡
2012-04-18 20:37:27 : 雇佣兵---雇佣兵死亡
2012-04-18 20:49:14 : 其他人进房间---在第5局进入房间，连续10次之内2次进入，停止挂机！
2012-04-18 20:51:44 : 雇佣兵---雇佣兵死亡
2012-04-18 20:55:15 : 雇佣兵---雇佣兵死亡
2012-04-18 21:06:19 : 雇佣兵---雇佣兵死亡
2012-04-18 21:09:39 : 雇佣兵---雇佣兵死亡
2012-04-18 21:14:14 : 雇佣兵---雇佣兵死亡
2012-04-18 21:23:28 : 雇佣兵---雇佣兵死亡
2012-04-19 19:20:05 : 随机---第 18 局: 随机暂停:100秒
2012-04-19 19:41:01 : 包裹---包裹已满
2014-03-09 18:37:51 : 包裹---包裹已满
2017-07-23 23:19:43 : 包裹---包裹已满
2017-07-27 09:22:28 : 包裹---包裹已满
2017-07-27 09:53:13 : 包裹---包裹已满
2017-07-27 10:38:22 : 包裹---包裹已满
2017-07-27 10:40:22 : 包裹---包裹已满
2017-07-27 10:57:53 : 包裹---包裹已满
2017-07-27 11:03:56 : 包裹---包裹已满
2017-07-27 11:04:50 : 包裹---包裹已满
2017-07-27 11:11:36 : 包裹---包裹已满
2017-07-28 22:38:00 : 包裹---包裹已满
2017-07-28 22:38:44 : 包裹---包裹已满
2017-08-05 13:27:24 : 角色---角色死亡
2017-08-05 13:40:45 : 角色---角色死亡
2017-08-05 13:42:11 : 角色---角色死亡
2017-08-05 14:12:18 : 角色---角色死亡
