2020-02-27 17:30:01 : 异常---第 0 局连续多次无法登陆战网或者密码错误，系统暂停一段时间！
2020-02-28 20:59:02 : 角色---第 0 局: 角色死亡
2020-02-28 21:00:25 : 雇佣兵 - 检测到需要复活雇佣兵
2020-02-28 21:01:13 : 包裹---第 1 局: 包裹已满
2020-02-28 21:01:50 : 雇佣兵 - 检测到需要复活雇佣兵
2020-02-28 21:02:41 : 包裹---第 2 局: 包裹已满
2020-02-28 21:07:02 : 雇佣兵 - 检测到需要复活雇佣兵
2020-02-28 21:07:18 : 雇佣兵 - 检测到需要复活雇佣兵
2020-02-28 21:07:56 : 包裹---第 3 局: 包裹已满
2020-02-28 21:08:42 : 雇佣兵 - 检测到需要复活雇佣兵
2020-02-28 21:09:15 : 包裹---第 4 局: 包裹已满
2020-03-08 19:23:50 : 雇佣兵 - 检测到需要复活雇佣兵
2020-03-08 19:24:50 : 角色---第 1 局: 角色死亡
2020-03-08 19:25:11 : 雇佣兵---第 1 局: 雇佣兵死亡
2020-03-08 19:27:16 : 雇佣兵 - 检测到需要复活雇佣兵
2020-03-08 19:27:28 : 雇佣兵---第 2 局: 雇佣兵死亡
2020-03-08 19:27:46 : 雇佣兵---第 2 局: 雇佣兵死亡
2020-03-08 19:27:57 : 角色---第 2 局: 角色死亡
2020-03-08 19:28:15 : 角色---第 2 局: 角色死亡
2020-03-08 19:28:39 : 雇佣兵---第 2 局: 雇佣兵死亡
2020-03-08 19:31:17 : 角色---第 2 局: 角色死亡
2020-03-08 19:31:41 : 雇佣兵---第 2 局: 雇佣兵死亡
2020-03-08 19:34:13 : 角色---第 0 局: 角色死亡
2020-03-08 19:34:37 : 雇佣兵---第 0 局: 雇佣兵死亡
