2020-02-24 09:22:58 : 雇佣兵 - 检测到需要复活雇佣兵
2020-02-24 09:23:21 : 角色---第 2 局: 角色死亡
2020-02-24 09:23:43 : 角色---第 2 局: 角色死亡
2020-02-24 09:24:04 : 角色---第 2 局: 角色死亡
2020-02-24 09:24:56 : 雇佣兵---第 2 局: 雇佣兵死亡
2020-02-24 09:44:04 : 随机---第 25 局: 随机暂停:76秒
2020-02-24 10:14:44 : 其他人进房间---请留意！
2020-02-24 10:14:46 : 其他人进房间---请留意！
2020-02-24 10:14:47 : 其他人进房间---请留意！
2020-02-24 10:14:48 : 其他人进房间---请留意！
2020-02-24 10:14:49 : 其他人进房间---请留意！
2020-02-24 10:14:50 : 其他人进房间---请留意！
2020-02-24 10:14:51 : 其他人进房间---请留意！
2020-02-24 10:41:41 : 随机---第 27 局: 随机暂停:76秒
2020-02-24 11:03:13 : 随机---第 51 局: 随机暂停:76秒
2020-02-24 11:28:52 : 其他人进房间---请留意！
2020-02-24 11:28:53 : 其他人进房间---请留意！
2020-02-24 11:28:54 : 其他人进房间---请留意！
2020-02-24 11:28:55 : 其他人进房间---请留意！
2020-02-24 11:28:56 : 其他人进房间---请留意！
2020-02-24 13:04:27 : 随机---第 22 局: 随机暂停:76秒
2020-02-24 13:44:22 : 随机---第 24 局: 随机暂停:76秒
2020-02-24 14:08:01 : 随机---第 50 局: 随机暂停:76秒
2020-02-24 16:42:40 : 雇佣兵---第 0 局: 雇佣兵死亡
2020-02-24 16:43:30 : 雇佣兵---第 0 局: 雇佣兵死亡
2020-02-24 17:29:34 : 随机---第 24 局: 随机暂停:76秒
2020-02-24 17:43:31 : 有人m你---请留意！
2020-02-24 17:50:57 : 随机---第 49 局: 随机暂停:76秒
2020-02-24 18:12:34 : 有人m你---请留意！
2020-02-24 19:49:14 : 异常---第 0 局连续多次无法登陆战网或者密码错误，系统暂停一段时间！
2020-02-24 19:51:31 : 异常---第 0 局连续多次无法登陆战网或者密码错误，系统暂停一段时间！
2020-02-24 20:41:40 : 雇佣兵---第 0 局: 雇佣兵死亡
2020-02-25 13:33:14 : 包裹---第 6 局: 包裹已满
2020-02-25 13:39:01 : 包裹---第 12 局: 包裹已满
2020-02-25 14:53:48 : 包裹---第 102 局: 包裹满，准备关机
2020-02-25 15:17:19 : 包裹---第 6 局: 包裹已满
2020-02-25 15:23:20 : 包裹---第 12 局: 包裹已满
2020-02-25 15:29:02 : 包裹---第 18 局: 包裹已满
2020-02-25 15:34:48 : 包裹---第 24 局: 包裹已满
2020-02-25 15:35:35 : 包裹---第 24 局: 包裹已满
2020-02-25 15:40:52 : 包裹---第 30 局: 包裹已满
2020-02-25 16:30:57 : 有人m你---请留意！
2020-02-25 16:34:30 : 包裹---第 95 局: 包裹满，准备关机
2020-02-25 17:31:48 : 包裹---第 6 局: 包裹已满
2020-02-25 17:38:40 : 包裹---第 12 局: 包裹已满
2020-02-25 18:01:18 : 包裹---第 18 局: 包裹已满
2020-02-25 18:06:46 : 包裹---第 24 局: 包裹已满
2020-02-25 18:12:16 : 包裹---第 30 局: 包裹已满
2020-02-25 18:18:20 : 包裹---第 36 局: 包裹已满
2020-02-25 19:51:44 : 雇佣兵 - 检测到需要复活雇佣兵
2020-02-25 19:59:19 : 雇佣兵 - 检测到需要复活雇佣兵
2020-02-25 20:10:30 : 雇佣兵 - 检测到需要复活雇佣兵
2020-02-25 20:33:11 : 雇佣兵 - 检测到需要复活雇佣兵
2020-02-25 20:35:20 : 雇佣兵 - 检测到需要复活雇佣兵
2020-02-25 20:42:26 : 雇佣兵 - 检测到需要复活雇佣兵
2020-02-25 20:54:03 : 包裹---第 60 局: 包裹已满
2020-02-25 21:09:53 : 雇佣兵 - 检测到需要复活雇佣兵
2020-02-26 08:16:17 : 雇佣兵 - 检测到需要复活雇佣兵
2020-02-26 08:17:07 : 雇佣兵---第 2 局: 雇佣兵死亡
2020-02-26 09:44:43 : 雇佣兵---第 14 局: 雇佣兵死亡
2020-02-26 09:51:19 : 雇佣兵 - 检测到需要复活雇佣兵
2020-02-26 09:58:01 : 雇佣兵 - 检测到需要复活雇佣兵
2020-02-26 10:02:09 : 雇佣兵 - 检测到需要复活雇佣兵
2020-02-26 10:08:48 : 雇佣兵 - 检测到需要复活雇佣兵
2020-02-26 10:15:00 : 雇佣兵 - 检测到需要复活雇佣兵
2020-02-26 10:19:46 : 雇佣兵 - 检测到需要复活雇佣兵
2020-02-26 10:20:34 : 雇佣兵---第 46 局: 雇佣兵死亡
2020-02-26 10:30:45 : 雇佣兵 - 检测到需要复活雇佣兵
2020-02-26 10:31:26 : 雇佣兵 - 检测到需要复活雇佣兵
2020-02-26 10:32:15 : 雇佣兵---第 52 局: 雇佣兵死亡
2020-02-26 10:43:14 : 包裹---第 60 局: 包裹已满
2020-02-26 10:48:19 : 雇佣兵 - 检测到需要复活雇佣兵
2020-02-26 11:18:14 : 雇佣兵 - 检测到需要复活雇佣兵
2020-02-26 11:19:02 : 雇佣兵---第 101 局: 雇佣兵死亡
2020-02-26 11:32:34 : 雇佣兵 - 检测到需要复活雇佣兵
2020-02-26 11:33:23 : 雇佣兵---第 115 局: 雇佣兵死亡
2020-02-26 11:36:24 : 雇佣兵 - 检测到需要复活雇佣兵
2020-02-26 11:38:57 : 包裹---第 120 局: 包裹已满
2020-02-26 11:39:50 : 包裹---第 120 局: 包裹已满
2020-02-26 12:14:39 : 角色---第 0 局: 角色死亡
2020-02-26 12:19:39 : 雇佣兵 - 检测到需要复活雇佣兵
2020-02-26 12:20:26 : 雇佣兵---第 6 局: 雇佣兵死亡
2020-02-26 12:49:56 : 雇佣兵 - 检测到需要复活雇佣兵
2020-02-26 12:50:31 : 有人m你---请留意！
2020-02-26 12:56:17 : 雇佣兵 - 检测到需要复活雇佣兵
2020-02-26 12:56:48 : 角色---第 44 局: 角色死亡
2020-02-26 12:57:38 : 雇佣兵---第 44 局: 雇佣兵死亡
2020-02-26 13:04:05 : 雇佣兵 - 检测到需要复活雇佣兵
2020-02-26 13:04:49 : 雇佣兵---第 52 局: 雇佣兵死亡
2020-02-26 13:18:54 : 其他人进房间---请留意！
2020-02-26 13:18:55 : 其他人进房间---请留意！
2020-02-26 13:18:57 : 其他人进房间---请留意！
2020-02-26 13:18:58 : 其他人进房间---请留意！
2020-02-26 13:18:59 : 其他人进房间---请留意！
2020-02-26 13:19:00 : 其他人进房间---请留意！
2020-02-26 13:19:01 : 其他人进房间---请留意！
2020-02-26 13:19:02 : 其他人进房间---请留意！
2020-02-26 13:19:03 : 其他人进房间---请留意！
2020-02-26 13:56:02 : 雇佣兵 - 检测到需要复活雇佣兵
2020-02-26 14:08:56 : 包裹---第 60 局: 包裹已满
2020-02-26 14:12:38 : 其他人进房间---请留意！
2020-02-26 14:12:39 : 其他人进房间---请留意！
2020-02-26 14:12:40 : 雇佣兵 - 检测到需要复活雇佣兵
2020-02-26 15:31:44 : 雇佣兵 - 检测到需要复活雇佣兵
2020-02-26 16:06:44 : 雇佣兵 - 检测到需要复活雇佣兵
2020-02-26 16:07:31 : 雇佣兵---第 7 局: 雇佣兵死亡
2020-02-26 16:08:16 : 雇佣兵---第 7 局: 雇佣兵死亡
2020-02-26 16:09:00 : 雇佣兵---第 7 局: 雇佣兵死亡
2020-02-26 16:09:44 : 雇佣兵---第 7 局: 雇佣兵死亡
2020-02-26 16:11:09 : 雇佣兵 - 检测到需要复活雇佣兵
2020-02-26 17:00:27 : 有人m你---请留意！
2020-02-26 17:00:46 : 雇佣兵 - 检测到需要复活雇佣兵
2020-02-26 17:01:32 : 雇佣兵---第 32 局: 雇佣兵死亡
2020-02-26 17:02:22 : 雇佣兵---第 32 局: 雇佣兵死亡
2020-02-26 17:05:40 : 雇佣兵 - 检测到需要复活雇佣兵
2020-02-26 17:06:26 : 雇佣兵---第 36 局: 雇佣兵死亡
2020-02-26 17:07:08 : 雇佣兵---第 36 局: 雇佣兵死亡
2020-02-26 17:07:55 : 雇佣兵---第 36 局: 雇佣兵死亡
2020-02-26 17:25:19 : 雇佣兵 - 检测到需要复活雇佣兵
2020-02-26 17:26:08 : 雇佣兵---第 57 局: 雇佣兵死亡
2020-02-26 17:29:33 : 包裹---第 60 局: 包裹已满
2020-02-26 17:36:13 : 雇佣兵 - 检测到需要复活雇佣兵
2020-02-26 17:36:59 : 雇佣兵---第 67 局: 雇佣兵死亡
2020-02-26 17:48:05 : 雇佣兵 - 检测到需要复活雇佣兵
2020-02-26 17:50:28 : 雇佣兵 - 检测到需要复活雇佣兵
2020-02-26 19:26:09 : 雇佣兵 - 检测到需要复活雇佣兵
2020-02-26 19:38:51 : 雇佣兵 - 检测到需要复活雇佣兵
2020-02-26 19:45:19 : 雇佣兵 - 检测到需要复活雇佣兵
2020-02-26 19:46:15 : 雇佣兵---第 23 局: 雇佣兵死亡
2020-02-26 20:07:40 : 其他人进房间---请留意！
2020-02-26 20:07:41 : 其他人进房间---请留意！
2020-02-26 20:07:42 : 其他人进房间---请留意！
2020-02-26 20:07:42 : 其他人进房间---请留意！
2020-02-26 20:07:43 : 其他人进房间---请留意！
2020-02-26 20:07:44 : 雇佣兵 - 检测到需要复活雇佣兵
2020-02-26 20:33:10 : 雇佣兵 - 检测到需要复活雇佣兵
2020-02-26 20:33:55 : 包裹---第 60 局: 包裹已满
2020-02-26 20:34:40 : 雇佣兵---第 60 局: 雇佣兵死亡
2020-02-27 09:30:13 : 雇佣兵 - 检测到需要复活雇佣兵
2020-02-27 09:31:00 : 雇佣兵---第 32 局: 雇佣兵死亡
2020-02-27 09:31:49 : 雇佣兵---第 32 局: 雇佣兵死亡
2020-02-27 09:32:33 : 雇佣兵---第 32 局: 雇佣兵死亡
2020-02-27 09:33:16 : 雇佣兵---第 32 局: 雇佣兵死亡
2020-02-27 09:34:05 : 雇佣兵---第 32 局: 雇佣兵死亡
2020-02-27 10:00:08 : 包裹---第 60 局: 包裹已满
2020-02-27 10:25:57 : 其他人进房间---请留意！
2020-02-27 10:51:28 : 包裹---第 120 局: 包裹已满
2020-02-27 11:00:09 : 包裹---第 130 局: 包裹满，准备关机
2020-02-27 12:00:21 : 雇佣兵 - 检测到需要复活雇佣兵
2020-02-27 12:01:15 : 雇佣兵---第 34 局: 雇佣兵死亡
2020-02-27 12:02:04 : 雇佣兵---第 34 局: 雇佣兵死亡
2020-02-27 12:07:12 : 雇佣兵 - 检测到需要复活雇佣兵
2020-02-27 12:25:42 : 包裹---第 60 局: 包裹已满
2020-02-27 13:16:27 : 雇佣兵 - 检测到需要复活雇佣兵
2020-02-27 14:20:19 : 包裹---第 60 局: 包裹已满
2020-02-27 14:20:51 : 包裹---第 60 局: 包裹已满
2020-02-27 14:21:17 : 包裹---第 60 局: 包裹已满
2020-02-27 14:21:41 : 包裹---第 60 局: 包裹已满
2020-02-27 14:22:05 : 包裹---第 60 局: 包裹已满
2020-02-27 14:22:31 : 包裹---第 60 局: 包裹已满
2020-02-27 14:22:56 : 包裹---第 60 局: 包裹已满
2020-02-27 14:23:21 : 包裹---第 60 局: 包裹已满
2020-02-27 14:23:46 : 包裹---第 60 局: 包裹已满
2020-02-27 14:24:12 : 包裹---第 60 局: 包裹已满
2020-02-27 14:24:37 : 包裹---第 60 局: 包裹已满
2020-02-27 14:25:02 : 包裹---第 60 局: 包裹已满
2020-02-27 14:25:27 : 包裹---第 60 局: 包裹已满
2020-02-27 14:25:54 : 包裹---第 60 局: 包裹已满
2020-02-27 14:26:20 : 包裹---第 60 局: 包裹已满
2020-02-27 14:26:49 : 包裹---第 60 局: 包裹已满
2020-02-27 14:27:13 : 包裹---第 60 局: 包裹已满
2020-02-27 14:27:40 : 包裹---第 60 局: 包裹已满
2020-02-27 14:28:05 : 包裹---第 60 局: 包裹已满
2020-02-27 14:28:29 : 包裹---第 60 局: 包裹已满
2020-02-27 14:29:04 : 包裹---第 60 局: 包裹已满
2020-02-27 14:29:32 : 包裹---第 60 局: 包裹已满
2020-02-27 14:29:56 : 包裹---第 60 局: 包裹已满
2020-02-27 14:30:27 : 包裹---第 60 局: 包裹已满
2020-02-27 14:30:53 : 包裹---第 60 局: 包裹已满
2020-02-27 14:31:16 : 包裹---第 60 局: 包裹已满
2020-02-27 14:31:42 : 包裹---第 60 局: 包裹已满
2020-02-27 14:32:08 : 包裹---第 60 局: 包裹已满
2020-02-27 14:32:32 : 包裹---第 60 局: 包裹已满
2020-02-27 14:32:57 : 包裹---第 60 局: 包裹已满
2020-02-27 14:33:23 : 包裹---第 60 局: 包裹已满
2020-02-27 14:33:49 : 包裹---第 60 局: 包裹已满
2020-02-27 14:34:13 : 包裹---第 60 局: 包裹已满
2020-02-27 14:34:42 : 包裹---第 60 局: 包裹已满
2020-02-27 14:35:08 : 包裹---第 60 局: 包裹已满
2020-02-27 14:35:34 : 包裹---第 60 局: 包裹已满
2020-02-27 14:35:58 : 包裹---第 60 局: 包裹已满
2020-02-27 14:36:24 : 包裹---第 60 局: 包裹已满
2020-02-27 14:36:47 : 包裹---第 60 局: 包裹已满
2020-02-27 14:37:13 : 包裹---第 60 局: 包裹已满
2020-02-27 14:37:46 : 包裹---第 60 局: 包裹已满
2020-02-27 14:38:14 : 包裹---第 60 局: 包裹已满
2020-02-27 14:38:39 : 包裹---第 60 局: 包裹已满
2020-02-27 14:39:07 : 包裹---第 60 局: 包裹已满
2020-02-27 14:39:36 : 包裹---第 60 局: 包裹已满
2020-02-27 14:40:00 : 包裹---第 60 局: 包裹已满
2020-02-27 14:40:25 : 包裹---第 60 局: 包裹已满
2020-02-27 14:40:51 : 包裹---第 60 局: 包裹已满
2020-02-27 14:41:26 : 包裹---第 60 局: 包裹已满
2020-02-27 14:41:54 : 包裹---第 60 局: 包裹已满
2020-02-27 14:42:18 : 包裹---第 60 局: 包裹已满
2020-02-27 14:42:42 : 包裹---第 60 局: 包裹已满
2020-02-27 14:43:07 : 包裹---第 60 局: 包裹已满
2020-02-27 14:43:33 : 包裹---第 60 局: 包裹已满
2020-02-27 14:43:58 : 包裹---第 60 局: 包裹已满
2020-02-27 14:44:22 : 包裹---第 60 局: 包裹已满
2020-02-27 14:44:49 : 包裹---第 60 局: 包裹已满
2020-02-27 14:45:15 : 包裹---第 60 局: 包裹已满
2020-02-27 14:45:38 : 包裹---第 60 局: 包裹已满
2020-02-27 14:46:03 : 包裹---第 60 局: 包裹已满
2020-02-27 14:46:30 : 包裹---第 60 局: 包裹已满
2020-02-27 14:46:58 : 包裹---第 60 局: 包裹已满
2020-02-27 14:47:26 : 包裹---第 60 局: 包裹已满
2020-02-27 14:47:49 : 包裹---第 60 局: 包裹已满
2020-02-27 14:48:16 : 包裹---第 60 局: 包裹已满
2020-02-27 14:48:42 : 包裹---第 60 局: 包裹已满
2020-02-27 14:49:07 : 包裹---第 60 局: 包裹已满
2020-02-27 14:49:31 : 包裹---第 60 局: 包裹已满
2020-02-27 14:49:55 : 包裹---第 60 局: 包裹已满
2020-02-27 14:50:22 : 包裹---第 60 局: 包裹已满
2020-02-27 14:50:45 : 包裹---第 60 局: 包裹已满
2020-02-27 14:51:12 : 包裹---第 60 局: 包裹已满
2020-02-27 14:51:37 : 包裹---第 60 局: 包裹已满
2020-02-27 14:52:01 : 包裹---第 60 局: 包裹已满
2020-02-27 14:52:25 : 包裹---第 60 局: 包裹已满
2020-02-27 14:52:51 : 包裹---第 60 局: 包裹已满
2020-02-27 14:53:16 : 包裹---第 60 局: 包裹已满
2020-02-27 14:53:41 : 包裹---第 60 局: 包裹已满
2020-02-27 14:54:09 : 包裹---第 60 局: 包裹已满
2020-02-27 14:54:34 : 包裹---第 60 局: 包裹已满
2020-02-27 14:55:25 : 包裹---第 60 局: 包裹已满
2020-02-27 14:55:53 : 包裹---第 60 局: 包裹已满
2020-02-27 14:56:25 : 包裹---第 60 局: 包裹已满
2020-02-27 14:56:52 : 包裹---第 60 局: 包裹已满
2020-02-27 14:57:16 : 包裹---第 60 局: 包裹已满
2020-02-27 14:57:44 : 包裹---第 60 局: 包裹已满
2020-02-27 14:58:08 : 包裹---第 60 局: 包裹已满
2020-02-27 14:58:32 : 包裹---第 60 局: 包裹已满
2020-02-27 14:58:57 : 包裹---第 60 局: 包裹已满
2020-02-27 14:59:23 : 包裹---第 60 局: 包裹已满
2020-02-27 14:59:49 : 包裹---第 60 局: 包裹已满
2020-02-27 15:00:12 : 包裹---第 60 局: 包裹已满
2020-02-27 15:00:38 : 包裹---第 60 局: 包裹已满
2020-02-27 15:01:06 : 包裹---第 60 局: 包裹已满
2020-02-27 15:01:34 : 包裹---第 60 局: 包裹已满
2020-02-27 15:02:10 : 包裹---第 60 局: 包裹已满
2020-02-27 15:02:36 : 包裹---第 60 局: 包裹已满
2020-02-27 15:03:01 : 包裹---第 60 局: 包裹已满
2020-02-27 15:03:28 : 包裹---第 60 局: 包裹已满
2020-02-27 15:03:52 : 包裹---第 60 局: 包裹已满
2020-02-27 15:04:17 : 包裹---第 60 局: 包裹已满
2020-02-27 15:04:43 : 包裹---第 60 局: 包裹已满
2020-02-27 15:05:07 : 包裹---第 60 局: 包裹已满
2020-02-27 15:05:31 : 包裹---第 60 局: 包裹已满
2020-02-27 15:05:56 : 包裹---第 60 局: 包裹已满
2020-02-27 15:06:19 : 包裹---第 60 局: 包裹已满
2020-02-27 15:06:45 : 包裹---第 60 局: 包裹已满
2020-02-27 15:07:26 : 包裹---第 60 局: 包裹已满
2020-02-27 15:08:02 : 包裹---第 60 局: 包裹已满
2020-02-27 15:08:27 : 包裹---第 60 局: 包裹已满
2020-02-27 15:08:51 : 包裹---第 60 局: 包裹已满
2020-02-27 15:09:16 : 包裹---第 60 局: 包裹已满
2020-02-27 15:09:43 : 包裹---第 60 局: 包裹已满
2020-02-27 15:10:08 : 包裹---第 60 局: 包裹已满
2020-02-27 15:10:32 : 包裹---第 60 局: 包裹已满
2020-02-27 15:10:59 : 包裹---第 60 局: 包裹已满
2020-02-27 15:11:23 : 包裹---第 60 局: 包裹已满
2020-02-27 15:11:55 : 包裹---第 60 局: 包裹已满
2020-02-27 15:12:22 : 包裹---第 60 局: 包裹已满
2020-02-27 15:12:50 : 包裹---第 60 局: 包裹已满
2020-02-27 15:13:17 : 包裹---第 60 局: 包裹已满
2020-02-27 15:13:45 : 包裹---第 60 局: 包裹已满
2020-02-27 15:14:09 : 包裹---第 60 局: 包裹已满
2020-02-27 15:14:25 : 包裹---第 60 局: 包裹已满
2020-02-27 15:14:42 : 包裹---第 60 局: 包裹已满
2020-02-27 15:15:08 : 包裹---第 60 局: 包裹已满
2020-02-27 15:15:32 : 包裹---第 60 局: 包裹已满
2020-02-27 15:15:59 : 包裹---第 60 局: 包裹已满
2020-02-27 15:16:25 : 包裹---第 60 局: 包裹已满
2020-02-27 15:16:51 : 包裹---第 60 局: 包裹已满
2020-02-27 15:17:16 : 包裹---第 60 局: 包裹已满
2020-02-27 15:17:45 : 包裹---第 60 局: 包裹已满
2020-02-27 15:18:17 : 包裹---第 60 局: 包裹已满
2020-02-27 15:18:55 : 包裹---第 60 局: 包裹已满
2020-02-27 15:54:40 : 雇佣兵 - 检测到需要复活雇佣兵
2020-02-27 16:13:45 : 包裹---第 60 局: 包裹已满
2020-02-27 18:36:01 : 雇佣兵 - 检测到需要复活雇佣兵
2020-02-27 18:36:56 : 雇佣兵---第 15 局: 雇佣兵死亡
2020-02-27 19:51:21 : 有人m你---请留意！
2020-02-27 20:23:07 : 雇佣兵 - 检测到需要复活雇佣兵
2020-02-27 20:56:54 : 异常---第 49 局连续多次无法登陆战网或者密码错误，系统暂停一段时间！
2020-02-27 21:02:08 : 有人m你---请留意！
2020-02-27 21:13:45 : 包裹---第 60 局: 包裹已满
2020-02-27 22:20:30 : 包裹---第 120 局: 包裹已满
2020-02-27 22:42:10 : 雇佣兵 - 检测到需要复活雇佣兵
2020-02-28 08:55:33 : 雇佣兵 - 检测到需要复活雇佣兵
2020-02-28 09:26:50 : 雇佣兵 - 检测到需要复活雇佣兵
2020-02-28 09:32:19 : 雇佣兵 - 检测到需要复活雇佣兵
2020-02-28 09:33:03 : 雇佣兵---第 43 局: 雇佣兵死亡
2020-02-28 09:50:02 : 包裹---第 60 局: 包裹已满
2020-02-28 09:50:45 : 包裹---第 60 局: 包裹已满
2020-02-28 13:22:52 : 包裹---第 60 局: 包裹已满
2020-02-28 14:14:51 : 包裹---第 120 局: 包裹已满
2020-02-28 14:20:18 : 有人m你---请留意！
2020-02-28 14:31:28 : 雇佣兵 - 检测到需要复活雇佣兵
2020-02-28 14:32:16 : 雇佣兵---第 141 局: 雇佣兵死亡
2020-02-28 14:33:00 : 雇佣兵---第 141 局: 雇佣兵死亡
2020-02-28 14:33:43 : 雇佣兵---第 141 局: 雇佣兵死亡
2020-02-28 14:40:46 : 持续超过至少150局了，注意危险
2020-02-28 15:47:04 : 雇佣兵---第 20 局: 雇佣兵死亡
2020-02-28 16:43:13 : 包裹---第 60 局: 包裹已满
2020-02-28 19:45:29 : 异常---第 0 局连续多次无法登陆战网或者密码错误，系统暂停一段时间！
2020-02-28 19:47:10 : 异常---第 0 局连续多次无法登陆战网或者密码错误，系统暂停一段时间！
2020-02-28 19:54:04 : 异常---第 0 局连续多次无法登陆战网或者密码错误，系统暂停一段时间！
2020-02-28 19:55:15 : 异常---第 0 局连续多次无法登陆战网或者密码错误，系统暂停一段时间！
2020-02-28 21:14:57 : 异常---第 0 局连续多次无法登陆战网或者密码错误，系统暂停一段时间！
2020-02-29 10:35:55 : 雇佣兵 - 检测到需要复活雇佣兵
2020-02-29 11:04:05 : 有人m你---请留意！
2020-02-29 11:28:40 : 包裹---第 60 局: 包裹已满
2020-02-29 11:29:31 : 包裹---第 60 局: 包裹已满
2020-03-09 19:39:25 : 其他人进房间---请留意！
2020-03-09 19:39:26 : 雇佣兵 - 检测到需要复活雇佣兵
2020-03-09 19:39:26 : 其他人进房间---请留意！
2020-03-09 19:39:27 : 其他人进房间---请留意！
2020-03-09 19:39:28 : 其他人进房间---请留意！
2020-03-10 08:33:06 : 异常---第 17 局出现未知界面假死或是其他异常，尝试关闭重新开启！
2020-03-10 08:35:04 : 异常---第 17 局出现未知界面假死或是其他异常，尝试关闭重新开启！
2020-03-10 08:37:03 : 异常---第 17 局出现未知界面假死或是其他异常，尝试关闭重新开启！
2020-03-10 08:38:59 : 异常---第 17 局出现未知界面假死或是其他异常，尝试关闭重新开启！
2020-03-10 08:40:58 : 异常---第 17 局出现未知界面假死或是其他异常，尝试关闭重新开启！
2020-03-10 08:42:56 : 异常---第 17 局出现未知界面假死或是其他异常，尝试关闭重新开启！
2020-03-10 08:44:55 : 异常---第 17 局出现未知界面假死或是其他异常，尝试关闭重新开启！
2020-03-10 08:46:54 : 异常---第 17 局出现未知界面假死或是其他异常，尝试关闭重新开启！
2020-03-10 08:48:52 : 异常---第 17 局出现未知界面假死或是其他异常，尝试关闭重新开启！
2020-03-10 08:50:50 : 异常---第 17 局出现未知界面假死或是其他异常，尝试关闭重新开启！
2020-03-10 08:52:49 : 异常---第 17 局出现未知界面假死或是其他异常，尝试关闭重新开启！
2020-03-10 08:54:47 : 异常---第 17 局出现未知界面假死或是其他异常，尝试关闭重新开启！
2020-03-10 08:56:46 : 异常---第 17 局出现未知界面假死或是其他异常，尝试关闭重新开启！
2020-03-10 08:58:44 : 异常---第 17 局出现未知界面假死或是其他异常，尝试关闭重新开启！
2020-03-10 09:00:43 : 异常---第 17 局出现未知界面假死或是其他异常，尝试关闭重新开启！
2020-03-10 09:02:41 : 异常---第 17 局出现未知界面假死或是其他异常，尝试关闭重新开启！
2020-03-10 09:04:40 : 异常---第 17 局出现未知界面假死或是其他异常，尝试关闭重新开启！
2020-03-10 09:48:35 : 雇佣兵 - 检测到需要复活雇佣兵
2020-03-10 09:49:23 : 雇佣兵---第 23 局: 雇佣兵死亡
2020-03-10 11:18:22 : 包裹---第 120 局: 包裹已满
2020-03-10 11:44:23 : 持续超过至少150局了，注意危险
2020-03-10 13:09:51 : 异常---第 0 局连续多次无法登陆战网或者密码错误，系统暂停一段时间！
2020-03-10 14:13:31 : 包裹---第 60 局: 包裹已满
2020-03-10 16:21:27 : 有人m你---请留意！
2020-03-10 16:25:00 : 包裹---第 60 局: 包裹已满
2020-03-10 17:17:14 : 包裹---第 120 局: 包裹已满
2020-03-10 17:46:34 : 持续超过至少150局了，注意危险
2020-03-10 18:39:06 : 包裹---第 60 局: 包裹已满
2020-03-10 18:39:49 : 包裹---第 60 局: 包裹已满
2020-03-10 18:50:19 : 雇佣兵 - 检测到需要复活雇佣兵
2020-03-10 18:51:09 : 雇佣兵---第 72 局: 雇佣兵死亡
2020-03-10 19:33:28 : 包裹---第 120 局: 包裹已满
2020-03-10 19:34:09 : 包裹---第 120 局: 包裹已满
2020-03-10 20:00:37 : 异常---第 20 局连续多次无法登陆战网或者密码错误，系统暂停一段时间！
2020-03-10 20:09:48 : 异常---第 0 局连续多次无法登陆战网或者密码错误，系统暂停一段时间！
