2020-02-13 10:37:30 : 雇佣兵 - 检测到需要复活雇佣兵
2020-02-13 10:38:54 : 雇佣兵 - 检测到需要复活雇佣兵
2020-02-13 10:42:46 : 雇佣兵 - 检测到需要复活雇佣兵
2020-02-13 10:44:05 : 雇佣兵 - 检测到需要复活雇佣兵
2020-02-13 10:45:25 : 雇佣兵 - 检测到需要复活雇佣兵
2020-02-13 10:46:48 : 雇佣兵 - 检测到需要复活雇佣兵
2020-02-13 10:48:01 : 雇佣兵 - 检测到需要复活雇佣兵
2020-02-13 10:49:21 : 雇佣兵 - 检测到需要复活雇佣兵
2020-02-13 10:50:30 : 雇佣兵 - 检测到需要复活雇佣兵
2020-02-13 10:53:03 : 雇佣兵 - 检测到需要复活雇佣兵
2020-02-13 10:54:14 : 雇佣兵 - 检测到需要复活雇佣兵
2020-02-13 10:55:40 : 雇佣兵 - 检测到需要复活雇佣兵
2020-02-13 10:58:05 : 雇佣兵 - 检测到需要复活雇佣兵
2020-02-13 10:59:31 : 雇佣兵 - 检测到需要复活雇佣兵
2020-02-13 11:01:56 : 雇佣兵 - 检测到需要复活雇佣兵
2020-02-13 11:03:17 : 雇佣兵 - 检测到需要复活雇佣兵
2020-02-13 11:08:36 : 雇佣兵 - 检测到需要复活雇佣兵
2020-02-13 11:09:46 : 雇佣兵 - 检测到需要复活雇佣兵
2020-02-13 11:10:58 : 雇佣兵 - 检测到需要复活雇佣兵
2020-02-13 11:12:09 : 雇佣兵 - 检测到需要复活雇佣兵
2020-02-13 11:13:43 : 雇佣兵 - 检测到需要复活雇佣兵
2020-02-13 11:14:56 : 雇佣兵 - 检测到需要复活雇佣兵
2020-02-13 11:16:11 : 雇佣兵 - 检测到需要复活雇佣兵
2020-02-13 11:17:24 : 雇佣兵 - 检测到需要复活雇佣兵
2020-02-13 11:20:08 : 雇佣兵 - 检测到需要复活雇佣兵
2020-02-13 11:21:19 : 雇佣兵 - 检测到需要复活雇佣兵
2020-02-13 11:22:37 : 随机---第 30 局: 随机暂停:40秒
2020-02-14 13:44:23 : 雇佣兵 - 检测到需要复活雇佣兵
2020-02-14 13:46:04 : 雇佣兵 - 检测到需要复活雇佣兵
2020-02-14 13:47:17 : 雇佣兵 - 检测到需要复活雇佣兵
2020-02-14 13:48:41 : 雇佣兵 - 检测到需要复活雇佣兵
2020-02-14 13:52:26 : 雇佣兵 - 检测到需要复活雇佣兵
2020-02-14 13:55:03 : 雇佣兵 - 检测到需要复活雇佣兵
2020-02-14 13:56:11 : 雇佣兵 - 检测到需要复活雇佣兵
2020-02-14 13:57:29 : 雇佣兵 - 检测到需要复活雇佣兵
2020-02-14 13:58:41 : 雇佣兵 - 检测到需要复活雇佣兵
2020-02-14 13:59:48 : 雇佣兵 - 检测到需要复活雇佣兵
2020-02-14 14:25:28 : 雇佣兵 - 检测到需要复活雇佣兵
2020-02-14 14:29:15 : 雇佣兵 - 检测到需要复活雇佣兵
2020-02-14 14:30:29 : 雇佣兵 - 检测到需要复活雇佣兵
2020-02-14 14:35:27 : 雇佣兵 - 检测到需要复活雇佣兵
2020-02-14 18:39:18 : 雇佣兵 - 检测到需要复活雇佣兵
2020-02-14 18:41:48 : 雇佣兵 - 检测到需要复活雇佣兵
2020-02-14 18:43:07 : 雇佣兵 - 检测到需要复活雇佣兵
2020-02-14 18:44:58 : 雇佣兵 - 检测到需要复活雇佣兵
2020-02-14 18:46:18 : 雇佣兵 - 检测到需要复活雇佣兵
2020-02-14 18:47:29 : 雇佣兵 - 检测到需要复活雇佣兵
2020-02-14 18:48:11 : 雇佣兵 - 检测到需要复活雇佣兵
2020-02-14 18:52:49 : 雇佣兵 - 检测到需要复活雇佣兵
2020-02-14 18:54:02 : 雇佣兵 - 检测到需要复活雇佣兵
2020-02-14 18:55:26 : 雇佣兵 - 检测到需要复活雇佣兵
2020-02-14 18:56:34 : 雇佣兵 - 检测到需要复活雇佣兵
2020-02-14 18:57:50 : 雇佣兵 - 检测到需要复活雇佣兵
2020-02-14 18:59:08 : 雇佣兵 - 检测到需要复活雇佣兵
2020-02-14 19:00:14 : 雇佣兵 - 检测到需要复活雇佣兵
2020-02-14 19:01:28 : 雇佣兵 - 检测到需要复活雇佣兵
2020-02-14 19:02:34 : 雇佣兵 - 检测到需要复活雇佣兵
2020-02-14 19:05:00 : 雇佣兵 - 检测到需要复活雇佣兵
2020-02-14 19:07:49 : 雇佣兵 - 检测到需要复活雇佣兵
2020-02-14 19:09:02 : 雇佣兵 - 检测到需要复活雇佣兵
2020-02-14 19:10:17 : 雇佣兵 - 检测到需要复活雇佣兵
2020-02-14 19:11:34 : 雇佣兵 - 检测到需要复活雇佣兵
2020-02-14 19:12:39 : 雇佣兵 - 检测到需要复活雇佣兵
2020-02-14 19:13:50 : 雇佣兵 - 检测到需要复活雇佣兵
2020-02-14 19:15:07 : 雇佣兵 - 检测到需要复活雇佣兵
2020-02-14 20:02:09 : 雇佣兵 - 检测到需要复活雇佣兵
2020-02-14 20:03:37 : 雇佣兵 - 检测到需要复活雇佣兵
2020-02-14 20:04:44 : 雇佣兵 - 检测到需要复活雇佣兵
2020-02-14 20:06:13 : 雇佣兵 - 检测到需要复活雇佣兵
2020-02-14 20:07:49 : 雇佣兵 - 检测到需要复活雇佣兵
2020-02-14 20:09:10 : 雇佣兵 - 检测到需要复活雇佣兵
2020-02-14 20:10:23 : 雇佣兵 - 检测到需要复活雇佣兵
2020-02-14 20:11:43 : 雇佣兵 - 检测到需要复活雇佣兵
2020-02-14 20:12:16 : 雇佣兵 - 检测到需要复活雇佣兵
2020-02-14 20:15:45 : 雇佣兵 - 检测到需要复活雇佣兵
2020-02-14 20:17:00 : 雇佣兵 - 检测到需要复活雇佣兵
2020-02-14 20:18:18 : 雇佣兵 - 检测到需要复活雇佣兵
2020-02-14 20:21:50 : 雇佣兵 - 检测到需要复活雇佣兵
2020-02-14 20:23:01 : 雇佣兵 - 检测到需要复活雇佣兵
2020-02-14 20:24:08 : 雇佣兵 - 检测到需要复活雇佣兵
2020-02-14 20:25:17 : 雇佣兵 - 检测到需要复活雇佣兵
2020-02-14 20:25:46 : 角色---第 4 局: 角色死亡
2020-02-14 20:26:19 : 雇佣兵---第 4 局: 雇佣兵死亡
2020-02-14 20:27:32 : 雇佣兵 - 检测到需要复活雇佣兵
2020-02-14 20:30:03 : 雇佣兵 - 检测到需要复活雇佣兵
2020-02-14 20:32:53 : 雇佣兵 - 检测到需要复活雇佣兵
2020-02-14 20:36:07 : 雇佣兵 - 检测到需要复活雇佣兵
2020-02-14 20:37:32 : 雇佣兵 - 检测到需要复活雇佣兵
2020-02-14 20:42:22 : 雇佣兵 - 检测到需要复活雇佣兵
2020-02-14 20:44:45 : 雇佣兵 - 检测到需要复活雇佣兵
2020-02-14 20:51:18 : 雇佣兵 - 检测到需要复活雇佣兵
2020-02-14 20:52:42 : 雇佣兵 - 检测到需要复活雇佣兵
2020-02-14 20:55:05 : 雇佣兵 - 检测到需要复活雇佣兵
2020-02-15 10:24:23 : 雇佣兵 - 检测到需要复活雇佣兵
2020-02-15 10:25:30 : 雇佣兵 - 检测到需要复活雇佣兵
2020-02-15 10:27:55 : 雇佣兵 - 检测到需要复活雇佣兵
2020-02-15 10:29:04 : 雇佣兵 - 检测到需要复活雇佣兵
2020-02-15 10:31:37 : 雇佣兵 - 检测到需要复活雇佣兵
2020-02-15 10:33:29 : 雇佣兵 - 检测到需要复活雇佣兵
2020-02-15 10:34:34 : 雇佣兵 - 检测到需要复活雇佣兵
2020-02-15 10:36:53 : 雇佣兵 - 检测到需要复活雇佣兵
2020-02-15 10:41:05 : 雇佣兵 - 检测到需要复活雇佣兵
2020-02-15 14:07:32 : 雇佣兵 - 检测到需要复活雇佣兵
2020-02-15 14:12:21 : 雇佣兵 - 检测到需要复活雇佣兵
2020-02-15 14:13:27 : 雇佣兵 - 检测到需要复活雇佣兵
2020-02-15 14:14:40 : 雇佣兵 - 检测到需要复活雇佣兵
2020-02-15 14:15:49 : 雇佣兵 - 检测到需要复活雇佣兵
2020-02-15 14:16:57 : 雇佣兵 - 检测到需要复活雇佣兵
2020-02-15 14:22:49 : 雇佣兵 - 检测到需要复活雇佣兵
2020-02-15 14:33:40 : 雇佣兵 - 检测到需要复活雇佣兵
2020-02-15 14:34:51 : 雇佣兵 - 检测到需要复活雇佣兵
2020-02-15 14:36:07 : 雇佣兵 - 检测到需要复活雇佣兵
2020-02-15 14:37:23 : 雇佣兵 - 检测到需要复活雇佣兵
2020-02-15 14:39:52 : 雇佣兵 - 检测到需要复活雇佣兵
2020-02-15 14:41:22 : 雇佣兵 - 检测到需要复活雇佣兵
2020-02-15 14:47:04 : 雇佣兵 - 检测到需要复活雇佣兵
2020-02-15 14:49:21 : 雇佣兵 - 检测到需要复活雇佣兵
2020-02-15 14:51:49 : 雇佣兵 - 检测到需要复活雇佣兵
2020-02-15 14:56:57 : 雇佣兵 - 检测到需要复活雇佣兵
2020-02-15 14:59:37 : 雇佣兵 - 检测到需要复活雇佣兵
2020-02-15 15:02:06 : 雇佣兵 - 检测到需要复活雇佣兵
2020-02-15 15:03:21 : 雇佣兵 - 检测到需要复活雇佣兵
2020-02-15 15:04:34 : 雇佣兵 - 检测到需要复活雇佣兵
2020-02-15 15:05:48 : 雇佣兵 - 检测到需要复活雇佣兵
2020-02-15 15:06:54 : 雇佣兵 - 检测到需要复活雇佣兵
2020-02-15 15:07:04 : 随机---第 27 局: 随机暂停:40秒
2020-02-15 15:25:17 : 雇佣兵 - 检测到需要复活雇佣兵
2020-02-15 15:26:31 : 雇佣兵 - 检测到需要复活雇佣兵
2020-02-15 15:27:42 : 雇佣兵 - 检测到需要复活雇佣兵
2020-02-15 15:28:51 : 雇佣兵 - 检测到需要复活雇佣兵
2020-02-15 17:22:47 : 雇佣兵 - 检测到需要复活雇佣兵
2020-02-15 17:25:11 : 雇佣兵 - 检测到需要复活雇佣兵
2020-02-15 17:28:54 : 雇佣兵 - 检测到需要复活雇佣兵
2020-02-15 17:30:06 : 雇佣兵 - 检测到需要复活雇佣兵
2020-02-15 18:14:57 : 雇佣兵 - 检测到需要复活雇佣兵
2020-02-15 18:16:10 : 雇佣兵 - 检测到需要复活雇佣兵
2020-02-15 18:16:52 : 雇佣兵---第 2 局: 雇佣兵死亡
2020-02-15 18:18:37 : 雇佣兵 - 检测到需要复活雇佣兵
2020-02-15 18:22:11 : 雇佣兵 - 检测到需要复活雇佣兵
2020-02-15 18:23:21 : 雇佣兵 - 检测到需要复活雇佣兵
2020-02-15 18:24:38 : 雇佣兵 - 检测到需要复活雇佣兵
2020-02-15 18:28:12 : 雇佣兵 - 检测到需要复活雇佣兵
2020-02-15 19:01:33 : 雇佣兵 - 检测到需要复活雇佣兵
2020-02-15 19:02:44 : 雇佣兵 - 检测到需要复活雇佣兵
2020-02-15 19:03:56 : 雇佣兵 - 检测到需要复活雇佣兵
2020-02-15 19:04:53 : 雇佣兵 - 检测到需要复活雇佣兵
2020-02-15 19:06:39 : 雇佣兵 - 检测到需要复活雇佣兵
2020-02-15 19:07:50 : 雇佣兵 - 检测到需要复活雇佣兵
2020-02-15 19:10:07 : 雇佣兵 - 检测到需要复活雇佣兵
2020-02-15 19:26:27 : 雇佣兵 - 检测到需要复活雇佣兵
2020-02-15 19:28:55 : 雇佣兵 - 检测到需要复活雇佣兵
2020-02-15 19:30:06 : 雇佣兵 - 检测到需要复活雇佣兵
2020-02-15 19:32:47 : 雇佣兵 - 检测到需要复活雇佣兵
2020-02-15 19:33:40 : 雇佣兵 - 检测到需要复活雇佣兵
2020-02-15 19:34:31 : 雇佣兵---第 17 局: 雇佣兵死亡
2020-02-15 19:37:03 : 雇佣兵 - 检测到需要复活雇佣兵
2020-02-15 19:39:09 : 雇佣兵 - 检测到需要复活雇佣兵
2020-02-15 19:40:23 : 雇佣兵 - 检测到需要复活雇佣兵
2020-02-15 19:43:21 : 雇佣兵 - 检测到需要复活雇佣兵
2020-02-15 19:44:43 : 雇佣兵 - 检测到需要复活雇佣兵
2020-02-15 19:45:51 : 雇佣兵 - 检测到需要复活雇佣兵
2020-02-15 19:49:35 : 雇佣兵 - 检测到需要复活雇佣兵
2020-02-15 19:49:38 : 随机---第 28 局: 随机暂停:40秒
2020-02-15 19:51:44 : 雇佣兵 - 检测到需要复活雇佣兵
2020-02-15 19:54:08 : 雇佣兵 - 检测到需要复活雇佣兵
2020-02-15 19:55:23 : 雇佣兵 - 检测到需要复活雇佣兵
2020-02-15 19:56:36 : 雇佣兵 - 检测到需要复活雇佣兵
2020-02-15 19:56:42 : 雇佣兵---第 33 局: 雇佣兵死亡
2020-02-15 19:57:38 : 异常---第 33 局连续多次无法登陆战网或者密码错误，系统暂停一段时间！
2020-02-16 11:08:34 : 雇佣兵 - 检测到需要复活雇佣兵
2020-02-16 11:11:06 : 雇佣兵 - 检测到需要复活雇佣兵
2020-02-16 11:12:18 : 雇佣兵 - 检测到需要复活雇佣兵
2020-02-16 11:13:26 : 雇佣兵 - 检测到需要复活雇佣兵
2020-02-16 11:14:39 : 雇佣兵 - 检测到需要复活雇佣兵
2020-02-16 11:15:50 : 雇佣兵 - 检测到需要复活雇佣兵
2020-02-16 11:17:02 : 雇佣兵 - 检测到需要复活雇佣兵
2020-02-16 11:18:09 : 雇佣兵 - 检测到需要复活雇佣兵
2020-02-16 11:20:45 : 雇佣兵 - 检测到需要复活雇佣兵
2020-02-16 11:21:58 : 雇佣兵 - 检测到需要复活雇佣兵
2020-02-16 11:23:10 : 雇佣兵 - 检测到需要复活雇佣兵
2020-02-16 11:25:34 : 雇佣兵 - 检测到需要复活雇佣兵
2020-02-16 11:26:56 : 雇佣兵 - 检测到需要复活雇佣兵
2020-02-16 11:28:12 : 雇佣兵 - 检测到需要复活雇佣兵
2020-02-16 11:29:29 : 雇佣兵 - 检测到需要复活雇佣兵
2020-02-16 11:31:08 : 雇佣兵 - 检测到需要复活雇佣兵
2020-02-16 11:33:58 : 雇佣兵 - 检测到需要复活雇佣兵
2020-02-16 13:04:20 : 雇佣兵 - 检测到需要复活雇佣兵
2020-02-16 13:06:48 : 雇佣兵 - 检测到需要复活雇佣兵
2020-02-16 13:08:01 : 雇佣兵 - 检测到需要复活雇佣兵
2020-02-16 13:11:24 : 雇佣兵 - 检测到需要复活雇佣兵
2020-02-16 13:14:59 : 雇佣兵 - 检测到需要复活雇佣兵
2020-02-16 13:16:13 : 雇佣兵 - 检测到需要复活雇佣兵
2020-02-16 13:17:28 : 雇佣兵 - 检测到需要复活雇佣兵
2020-02-16 13:18:40 : 雇佣兵 - 检测到需要复活雇佣兵
2020-02-16 13:23:57 : 雇佣兵 - 检测到需要复活雇佣兵
2020-02-16 13:24:23 : 角色---第 26 局: 角色死亡
2020-02-16 13:25:02 : 雇佣兵---第 26 局: 雇佣兵死亡
2020-02-16 14:35:27 : 雇佣兵 - 检测到需要复活雇佣兵
2020-02-16 14:35:45 : 角色---第 1 局: 角色死亡
2020-02-16 14:39:23 : 雇佣兵 - 检测到需要复活雇佣兵
2020-02-16 14:40:48 : 雇佣兵 - 检测到需要复活雇佣兵
2020-02-16 14:42:02 : 雇佣兵 - 检测到需要复活雇佣兵
2020-02-16 14:43:26 : 雇佣兵 - 检测到需要复活雇佣兵
2020-02-16 14:45:17 : 雇佣兵 - 检测到需要复活雇佣兵
2020-02-16 14:46:04 : 雇佣兵---第 8 局: 雇佣兵死亡
2020-02-16 14:46:41 : 雇佣兵---第 8 局: 雇佣兵死亡
2020-02-16 14:47:14 : 雇佣兵---第 8 局: 雇佣兵死亡
2020-02-16 14:47:48 : 雇佣兵---第 8 局: 雇佣兵死亡
2020-02-16 15:53:00 : 雇佣兵---第 0 局: 雇佣兵死亡
2020-02-16 16:05:25 : 雇佣兵 - 检测到需要复活雇佣兵
2020-02-16 16:16:14 : 雇佣兵 - 检测到需要复活雇佣兵
2020-02-16 16:17:32 : 雇佣兵 - 检测到需要复活雇佣兵
2020-02-16 16:18:42 : 雇佣兵 - 检测到需要复活雇佣兵
2020-02-16 16:19:49 : 雇佣兵 - 检测到需要复活雇佣兵
2020-02-16 16:20:08 : 角色---第 5 局: 角色死亡
2020-02-16 16:20:42 : 雇佣兵---第 5 局: 雇佣兵死亡
2020-02-16 16:23:17 : 雇佣兵 - 检测到需要复活雇佣兵
2020-02-16 16:24:20 : 雇佣兵 - 检测到需要复活雇佣兵
2020-02-16 16:30:36 : 雇佣兵---第 0 局: 雇佣兵死亡
2020-02-16 16:33:01 : 雇佣兵 - 检测到需要复活雇佣兵
2020-02-16 16:34:31 : 雇佣兵 - 检测到需要复活雇佣兵
2020-02-16 16:36:41 : 雇佣兵 - 检测到需要复活雇佣兵
2020-02-16 17:01:56 : 雇佣兵 - 检测到需要复活雇佣兵
2020-02-16 17:02:36 : 雇佣兵 - 检测到需要复活雇佣兵
2020-02-16 17:04:45 : 雇佣兵 - 检测到需要复活雇佣兵
2020-02-16 17:06:00 : 雇佣兵 - 检测到需要复活雇佣兵
2020-02-16 17:07:17 : 雇佣兵 - 检测到需要复活雇佣兵
2020-02-16 17:08:31 : 雇佣兵 - 检测到需要复活雇佣兵
2020-02-16 17:09:46 : 雇佣兵 - 检测到需要复活雇佣兵
2020-02-16 17:12:23 : 雇佣兵 - 检测到需要复活雇佣兵
2020-02-16 17:13:33 : 雇佣兵 - 检测到需要复活雇佣兵
2020-02-16 17:14:46 : 雇佣兵 - 检测到需要复活雇佣兵
2020-02-16 17:15:57 : 雇佣兵 - 检测到需要复活雇佣兵
2020-02-16 17:18:32 : 雇佣兵 - 检测到需要复活雇佣兵
2020-02-16 17:19:43 : 雇佣兵 - 检测到需要复活雇佣兵
2020-02-16 17:22:02 : 雇佣兵 - 检测到需要复活雇佣兵
2020-02-16 17:23:15 : 雇佣兵 - 检测到需要复活雇佣兵
2020-02-16 17:26:41 : 雇佣兵 - 检测到需要复活雇佣兵
2020-02-16 17:27:53 : 雇佣兵 - 检测到需要复活雇佣兵
2020-02-16 17:29:06 : 雇佣兵 - 检测到需要复活雇佣兵
2020-02-16 17:30:23 : 雇佣兵 - 检测到需要复活雇佣兵
2020-02-16 17:31:33 : 雇佣兵 - 检测到需要复活雇佣兵
2020-02-16 17:34:07 : 雇佣兵 - 检测到需要复活雇佣兵
2020-02-16 17:35:17 : 雇佣兵 - 检测到需要复活雇佣兵
2020-02-16 17:36:27 : 雇佣兵 - 检测到需要复活雇佣兵
2020-02-16 17:38:21 : 雇佣兵 - 检测到需要复活雇佣兵
2020-02-16 20:00:05 : 雇佣兵 - 检测到需要复活雇佣兵
2020-02-16 20:01:14 : 雇佣兵 - 检测到需要复活雇佣兵
2020-02-16 20:05:04 : 雇佣兵 - 检测到需要复活雇佣兵
2020-02-16 20:09:10 : 雇佣兵 - 检测到需要复活雇佣兵
2020-02-16 20:10:45 : 雇佣兵 - 检测到需要复活雇佣兵
2020-02-16 20:14:40 : 雇佣兵 - 检测到需要复活雇佣兵
2020-02-16 20:17:05 : 雇佣兵 - 检测到需要复活雇佣兵
2020-02-16 20:21:30 : 雇佣兵 - 检测到需要复活雇佣兵
2020-02-16 20:22:42 : 雇佣兵 - 检测到需要复活雇佣兵
2020-02-16 20:25:23 : 雇佣兵 - 检测到需要复活雇佣兵
2020-02-16 20:26:46 : 雇佣兵 - 检测到需要复活雇佣兵
2020-02-16 20:29:19 : 雇佣兵 - 检测到需要复活雇佣兵
2020-02-16 20:30:30 : 雇佣兵 - 检测到需要复活雇佣兵
2020-02-16 20:31:55 : 雇佣兵 - 检测到需要复活雇佣兵
2020-02-16 20:33:17 : 雇佣兵 - 检测到需要复活雇佣兵
2020-02-16 20:34:29 : 雇佣兵 - 检测到需要复活雇佣兵
2020-02-16 20:35:45 : 雇佣兵 - 检测到需要复活雇佣兵
2020-02-16 21:04:59 : 随机---第 29 局: 随机暂停:40秒
2020-02-16 21:06:49 : 雇佣兵 - 检测到需要复活雇佣兵
2020-02-16 21:08:33 : 雇佣兵 - 检测到需要复活雇佣兵
2020-02-16 21:09:44 : 雇佣兵 - 检测到需要复活雇佣兵
2020-02-16 21:10:54 : 雇佣兵 - 检测到需要复活雇佣兵
2020-02-16 21:13:29 : 雇佣兵 - 检测到需要复活雇佣兵
2020-02-16 21:14:45 : 雇佣兵 - 检测到需要复活雇佣兵
2020-02-16 21:16:04 : 雇佣兵 - 检测到需要复活雇佣兵
2020-02-16 21:17:15 : 雇佣兵 - 检测到需要复活雇佣兵
2020-02-16 21:18:27 : 雇佣兵 - 检测到需要复活雇佣兵
2020-02-16 21:19:04 : 角色---第 39 局: 角色死亡
2020-02-16 21:19:41 : 雇佣兵---第 39 局: 雇佣兵死亡
2020-02-16 21:21:02 : 雇佣兵 - 检测到需要复活雇佣兵
2020-02-16 21:22:19 : 雇佣兵 - 检测到需要复活雇佣兵
2020-02-16 21:22:52 : 雇佣兵 - 检测到需要复活雇佣兵
2020-02-16 21:23:41 : 雇佣兵---第 42 局: 雇佣兵死亡
2020-02-16 21:24:39 : 雇佣兵 - 检测到需要复活雇佣兵
2020-02-16 21:25:29 : 雇佣兵---第 43 局: 雇佣兵死亡
2020-02-16 21:49:47 : 雇佣兵 - 检测到需要复活雇佣兵
2020-02-16 21:50:14 : 角色---第 1 局: 角色死亡
2020-02-16 21:50:47 : 雇佣兵---第 1 局: 雇佣兵死亡
2020-02-16 21:51:23 : 雇佣兵---第 1 局: 雇佣兵死亡
2020-02-16 21:51:56 : 雇佣兵---第 1 局: 雇佣兵死亡
2020-02-16 21:52:27 : 雇佣兵---第 1 局: 雇佣兵死亡
2020-02-16 21:58:52 : 雇佣兵---第 1 局: 连续多次次重复复活pet，可能是没钱了，自动退出。
2020-02-16 22:00:48 : 雇佣兵---第 0 局: 雇佣兵死亡
2020-02-16 22:01:58 : 雇佣兵 - 检测到需要复活雇佣兵
2020-02-16 22:04:34 : 雇佣兵 - 检测到需要复活雇佣兵
2020-02-16 22:05:41 : 雇佣兵 - 检测到需要复活雇佣兵
2020-02-16 22:07:00 : 雇佣兵 - 检测到需要复活雇佣兵
2020-02-16 22:10:48 : 雇佣兵 - 检测到需要复活雇佣兵
2020-02-16 22:13:24 : 雇佣兵 - 检测到需要复活雇佣兵
2020-02-16 22:15:57 : 雇佣兵 - 检测到需要复活雇佣兵
2020-02-16 22:17:01 : 雇佣兵 - 检测到需要复活雇佣兵
2020-02-16 22:18:15 : 雇佣兵 - 检测到需要复活雇佣兵
